
**** Build of configuration Debug for project JASHAN ****

Nothing to build for project JASHAN

**** Build of configuration Debug for project JASHAN ****

Nothing to build for project JASHAN
Info: Nothing to build for Practice
Info: Nothing to build for d
Info: Nothing to build for JASHANJOT
17:34:21 **** Rebuild of configuration Debug for project Jashanjot1 ****
Info: Internal Builder is used for build
gcc -O0 -g3 -Wall -c -fmessage-length=0 -o "src\\Jashanjot1.o" "..\\src\\Jashanjot1.c" 
gcc -o Jashanjot1.exe "src\\Jashanjot1.o" 
Info: Nothing to build for Jashanjot1
17:35:43 **** Incremental Build of configuration Debug for project Jashanjot1 ****
Info: Internal Builder is used for build
gcc -O0 -g3 -Wall -c -fmessage-length=0 -o "src\\Jashanjot1.o" "..\\src\\Jashanjot1.c" 
..\src\Jashanjot1.c: In function 'main':
..\src\Jashanjot1.c:6:10: error: expected ';' before '}' token
    6 |  return 0
      |          ^
      |          ;
    7 | }
      | ~         
Info: Nothing to build for JASHANJOT
17:35:53 **** Incremental Build of configuration Debug for project Jashanjot1 ****
Info: Internal Builder is used for build
gcc -O0 -g3 -Wall -c -fmessage-length=0 -o "src\\Jashanjot1.o" "..\\src\\Jashanjot1.c" 
..\src\Jashanjot1.c: In function 'main':
..\src\Jashanjot1.c:6:10: error: expected ';' before '}' token
    6 |  return 0
      |          ^
      |          ;
    7 | }
      | ~         
17:36:14 **** Incremental Build of configuration Debug for project Jashanjot1 ****
Info: Internal Builder is used for build
gcc -O0 -g3 -Wall -c -fmessage-length=0 -o "src\\Jashanjot1.o" "..\\src\\Jashanjot1.c" 
gcc -o Jashanjot1.exe "src\\Jashanjot1.o" 
18:02:29 **** Incremental Build of configuration Debug for project Jashanjot1 ****
Info: Internal Builder is used for build
gcc -O0 -g3 -Wall -c -fmessage-length=0 -o "src\\Jashanjot1.o" "..\\src\\Jashanjot1.c" 
..\src\Jashanjot1.c:1:10: fatal error: stdio: No such file or directory
    1 | #include <stdio>
      |          ^~~~~~~
compilation terminated.
18:02:34 **** Incremental Build of configuration Debug for project Jashanjot1 ****
Info: Internal Builder is used for build
gcc -O0 -g3 -Wall -c -fmessage-length=0 -o "src\\Jashanjot1.o" "..\\src\\Jashanjot1.c" 
..\src\Jashanjot1.c:1:10: fatal error: stdio: No such file or directory
    1 | #include <stdio>
      |          ^~~~~~~
compilation terminated.
18:02:40 **** Incremental Build of configuration Debug for project Jashanjot1 ****
Info: Internal Builder is used for build
gcc -O0 -g3 -Wall -c -fmessage-length=0 -o "src\\Jashanjot1.o" "..\\src\\Jashanjot1.c" 
..\src\Jashanjot1.c:1:10: fatal error: stdio: No such file or directory
    1 | #include <stdio>
      |          ^~~~~~~
compilation terminated.
18:03:00 **** Incremental Build of configuration Debug for project Jashanjot1 ****
Info: Internal Builder is used for build
gcc -O0 -g3 -Wall -c -fmessage-length=0 -o "src\\Jashanjot1.o" "..\\src\\Jashanjot1.c" 
..\src\Jashanjot1.c: In function 'main':
..\src\Jashanjot1.c:6:1: error: expected '=', ',', ';', 'asm' or '__attribute__' before 'printf'
    6 | printf("Enter the basic salary");
      | ^~~~~~
..\src\Jashanjot1.c:10:1: error: 'gross' undeclared (first use in this function)
   10 | gross= hr + da;
      | ^~~~~
..\src\Jashanjot1.c:10:1: note: each undeclared identifier is reported only once for each function it appears in
18:04:09 **** Incremental Build of configuration Debug for project Jashanjot1 ****
Info: Internal Builder is used for build
gcc -O0 -g3 -Wall -c -fmessage-length=0 -o "src\\Jashanjot1.o" "..\\src\\Jashanjot1.c" 
..\src\Jashanjot1.c: In function 'main':
..\src\Jashanjot1.c:11:25: warning: format '%d' expects argument of type 'int', but argument 2 has type 'double' [-Wformat=]
   11 |  printf("Gross Salary= %d",gross);
      |                        ~^  ~~~~~
      |                         |  |
      |                         |  double
      |                         int
      |                        %f
..\src\Jashanjot1.c:11:25: warning: format '%d' expects argument of type 'int', but argument 2 has type 'double' [-Wformat=]
   11 |  printf("Gross Salary= %d",gross);
      |                        ~^  ~~~~~
      |                         |  |
      |                         |  double
      |                         int
      |                        %f
gcc -o Jashanjot1.exe "src\\Jashanjot1.o" 
Info: Nothing to build for Jashanjot1
Info: Nothing to build for Jashanjot1
Info: Nothing to build for Jashanjot1
Info: Nothing to build for JASHANJOT
Info: Nothing to build for Jashanjot1
Info: Nothing to build for Jashanjot1
Info: Nothing to build for JASHANJOT
Info: Nothing to build for Jashanjot1
Info: Nothing to build for Jashanjot1
Info: Nothing to build for Jashanjot1
Info: Nothing to build for Jashanjot1
Info: Nothing to build for Jashanjot1
18:05:37 **** Incremental Build of configuration Debug for project Jashanjot1 ****
Info: Internal Builder is used for build
gcc -O0 -g3 -Wall -c -fmessage-length=0 -o "src\\Jashanjot1.o" "..\\src\\Jashanjot1.c" 
gcc -o Jashanjot1.exe "src\\Jashanjot1.o" 
18:06:11 **** Incremental Build of configuration Debug for project Jashanjot1 ****
Info: Internal Builder is used for build
gcc -O0 -g3 -Wall -c -fmessage-length=0 -o "src\\Jashanjot1.o" "..\\src\\Jashanjot1.c" 
gcc -o Jashanjot1.exe "src\\Jashanjot1.o" 
18:07:11 **** Incremental Build of configuration Debug for project Jashanjot1 ****
Info: Internal Builder is used for build
gcc -O0 -g3 -Wall -c -fmessage-length=0 -o "src\\Jashanjot1.o" "..\\src\\Jashanjot1.c" 
..\src\Jashanjot1.c: In function 'main':
..\src\Jashanjot1.c:7:11: warning: too many arguments for format [-Wformat-extra-args]
    7 |    printf("Enter the basic salary",basic);
      |           ^~~~~~~~~~~~~~~~~~~~~~~~
..\src\Jashanjot1.c:7:11: warning: too many arguments for format [-Wformat-extra-args]
gcc -o Jashanjot1.exe "src\\Jashanjot1.o" 
18:07:38 **** Incremental Build of configuration Debug for project Jashanjot1 ****
Info: Internal Builder is used for build
gcc -O0 -g3 -Wall -c -fmessage-length=0 -o "src\\Jashanjot1.o" "..\\src\\Jashanjot1.c" 
..\src\Jashanjot1.c: In function 'main':
..\src\Jashanjot1.c:7:11: warning: too many arguments for format [-Wformat-extra-args]
    7 |    printf("Enter the basic salary",basic);
      |           ^~~~~~~~~~~~~~~~~~~~~~~~
..\src\Jashanjot1.c:7:11: warning: too many arguments for format [-Wformat-extra-args]
gcc -o Jashanjot1.exe "src\\Jashanjot1.o" 
18:07:55 **** Incremental Build of configuration Debug for project Jashanjot1 ****
Info: Internal Builder is used for build
gcc -O0 -g3 -Wall -c -fmessage-length=0 -o "src\\Jashanjot1.o" "..\\src\\Jashanjot1.c" 
..\src\Jashanjot1.c: In function 'main':
..\src\Jashanjot1.c:7:11: warning: too many arguments for format [-Wformat-extra-args]
    7 |    printf("Enter the basic salary\n",basic);
      |           ^~~~~~~~~~~~~~~~~~~~~~~~~~
..\src\Jashanjot1.c:7:11: warning: too many arguments for format [-Wformat-extra-args]
gcc -o Jashanjot1.exe "src\\Jashanjot1.o" 
18:08:35 **** Incremental Build of configuration Debug for project Jashanjot1 ****
Info: Internal Builder is used for build
gcc -O0 -g3 -Wall -c -fmessage-length=0 -o "src\\Jashanjot1.o" "..\\src\\Jashanjot1.c" 
..\src\Jashanjot1.c: In function 'main':
..\src\Jashanjot1.c:6:10: warning: too many arguments for format [-Wformat-extra-args]
    6 |   printf("Enter the basic salary\n",basic);
      |          ^~~~~~~~~~~~~~~~~~~~~~~~~~
..\src\Jashanjot1.c:6:10: warning: too many arguments for format [-Wformat-extra-args]
..\src\Jashanjot1.c:6:3: warning: 'basic' is used uninitialized in this function [-Wuninitialized]
    6 |   printf("Enter the basic salary\n",basic);
      |   ^~~~~~~~~~~~~~~~~~~~~~~~~~~~~~~~~~~~~~~~
gcc -o Jashanjot1.exe "src\\Jashanjot1.o" 
Info: Nothing to build for Jashanjot1
Info: Nothing to build for Jashanjot1
Info: Nothing to build for Jashanjot1
Info: Nothing to build for Jashanjot1
18:08:50 **** Incremental Build of configuration Debug for project Jashanjot1 ****
Info: Internal Builder is used for build
gcc -O0 -g3 -Wall -c -fmessage-length=0 -o "src\\Jashanjot1.o" "..\\src\\Jashanjot1.c" 
..\src\Jashanjot1.c: In function 'main':
..\src\Jashanjot1.c:6:10: warning: too many arguments for format [-Wformat-extra-args]
    6 |   printf("Enter the basic salary\n",basic);
      |          ^~~~~~~~~~~~~~~~~~~~~~~~~~
..\src\Jashanjot1.c:6:10: warning: too many arguments for format [-Wformat-extra-args]
..\src\Jashanjot1.c:6:3: warning: 'basic' is used uninitialized in this function [-Wuninitialized]
    6 |   printf("Enter the basic salary\n",basic);
      |   ^~~~~~~~~~~~~~~~~~~~~~~~~~~~~~~~~~~~~~~~
gcc -o Jashanjot1.exe "src\\Jashanjot1.o" 
Info: Nothing to build for Jashanjot1
18:09:01 **** Incremental Build of configuration Debug for project Jashanjot1 ****
Info: Internal Builder is used for build
gcc -O0 -g3 -Wall -c -fmessage-length=0 -o "src\\Jashanjot1.o" "..\\src\\Jashanjot1.c" 
gcc -o Jashanjot1.exe "src\\Jashanjot1.o" 
Info: Nothing to build for Jashanjot1
Info: Nothing to build for Jashanjot1
18:13:55 **** Incremental Build of configuration Debug for project Jashanjot1 ****
Info: Internal Builder is used for build
gcc -O0 -g3 -Wall -c -fmessage-length=0 -o "src\\Jashanjot1.o" "..\\src\\Jashanjot1.c" 
..\src\Jashanjot1.c: In function 'main':
..\src\Jashanjot1.c:6:2: warning: implicit declaration of function 'print'; did you mean 'printf'? [-Wimplicit-function-declaration]
    6 |  print("Enter the marks in the all 5 subjects");
      |  ^~~~~
      |  printf
..\src\Jashanjot1.c:7:42: error: 'm5' undeclared (first use in this function); did you mean 'm4'?
    7 |  scanf("%d %d %d %d %d",&m1,&m2,&m3,&m4,&m5);
      |                                          ^~
      |                                          m4
..\src\Jashanjot1.c:7:42: note: each undeclared identifier is reported only once for each function it appears in
18:14:11 **** Incremental Build of configuration Debug for project Jashanjot1 ****
Info: Internal Builder is used for build
gcc -O0 -g3 -Wall -c -fmessage-length=0 -o "src\\Jashanjot1.o" "..\\src\\Jashanjot1.c" 
..\src\Jashanjot1.c: In function 'main':
..\src\Jashanjot1.c:6:2: warning: implicit declaration of function 'print'; did you mean 'printf'? [-Wimplicit-function-declaration]
    6 |  print("Enter the marks in the all 5 subjects");
      |  ^~~~~
      |  printf
gcc -o Jashanjot1.exe "src\\Jashanjot1.o" 
src\Jashanjot1.o: In function `main':
D:\c workspace\Jashanjot1\Debug/../src/Jashanjot1.c:6: undefined reference to `print'
collect2.exe: error: ld returned 1 exit status
18:14:21 **** Incremental Build of configuration Debug for project Jashanjot1 ****
Info: Internal Builder is used for build
gcc -O0 -g3 -Wall -c -fmessage-length=0 -o "src\\Jashanjot1.o" "..\\src\\Jashanjot1.c" 
gcc -o Jashanjot1.exe "src\\Jashanjot1.o" 
18:15:43 **** Incremental Build of configuration Debug for project Jashanjot1 ****
Info: Internal Builder is used for build
gcc -O0 -g3 -Wall -c -fmessage-length=0 -o "src\\Jashanjot1.o" "..\\src\\Jashanjot1.c" 
gcc -o Jashanjot1.exe "src\\Jashanjot1.o" 
Info: Nothing to build for Jashanjot1
Info: Nothing to build for Jashanjot1
Info: Nothing to build for Jashanjot1
Info: Nothing to build for Jashanjot1
Info: Nothing to build for Jashanjot1
Info: Nothing to build for Jashanjot1
18:16:18 **** Incremental Build of configuration Debug for project Jashanjot1 ****
Info: Internal Builder is used for build
gcc -O0 -g3 -Wall -c -fmessage-length=0 -o "src\\Jashanjot1.o" "..\\src\\Jashanjot1.c" 
gcc -o Jashanjot1.exe "src\\Jashanjot1.o" 
18:16:59 **** Incremental Build of configuration Debug for project Jashanjot1 ****
Info: Internal Builder is used for build
gcc -O0 -g3 -Wall -c -fmessage-length=0 -o "src\\Jashanjot1.o" "..\\src\\Jashanjot1.c" 
gcc -o Jashanjot1.exe "src\\Jashanjot1.o" 
Info: Nothing to build for Jashanjot1
Info: Nothing to build for Jashanjot1
Info: Nothing to build for Jashanjot1
Info: Nothing to build for Jashanjot1
Info: Nothing to build for Jashanjot1
Info: Nothing to build for Jashanjot1
Info: Nothing to build for Jashanjot1
Info: Nothing to build for Jashanjot1
Info: Nothing to build for Jashanjot1
Info: Nothing to build for Jashanjot1
Info: Nothing to build for Jashanjot1
18:18:34 **** Incremental Build of configuration Debug for project Jashanjot1 ****
Info: Internal Builder is used for build
gcc -O0 -g3 -Wall -c -fmessage-length=0 -o "src\\Jashanjot1.o" "..\\src\\Jashanjot1.c" 
..\src\Jashanjot1.c: In function 'main':
..\src\Jashanjot1.c:10:14: error: expected ';' before 'agre'
   10 |  per1=per*100
      |              ^
      |              ;
   11 |  agre=m1+m2+m3+m4+m5;
      |  ~~~~         
..\src\Jashanjot1.c:13:24: warning: format '%d' expects argument of type 'int', but argument 2 has type 'double' [-Wformat=]
   13 |  printf("percentage = %d\n",per1);
      |                       ~^    ~~~~
      |                        |    |
      |                        int  double
      |                       %f
..\src\Jashanjot1.c:13:24: warning: format '%d' expects argument of type 'int', but argument 2 has type 'double' [-Wformat=]
   13 |  printf("percentage = %d\n",per1);
      |                       ~^    ~~~~
      |                        |    |
      |                        int  double
      |                       %f
18:18:43 **** Incremental Build of configuration Debug for project Jashanjot1 ****
Info: Internal Builder is used for build
gcc -O0 -g3 -Wall -c -fmessage-length=0 -o "src\\Jashanjot1.o" "..\\src\\Jashanjot1.c" 
..\src\Jashanjot1.c: In function 'main':
..\src\Jashanjot1.c:10:14: error: expected ';' before 'agre'
   10 |  per1=per*100
      |              ^
      |              ;
   11 |  agre=m1+m2+m3+m4+m5;
      |  ~~~~         
18:19:05 **** Incremental Build of configuration Debug for project Jashanjot1 ****
Info: Internal Builder is used for build
gcc -O0 -g3 -Wall -c -fmessage-length=0 -o "src\\Jashanjot1.o" "..\\src\\Jashanjot1.c" 
..\src\Jashanjot1.c: In function 'main':
..\src\Jashanjot1.c:10:14: error: expected ';' before 'agre'
   10 |  per1=per*100
      |              ^
      |              ;
   11 |  agre=m1+m2+m3+m4+m5;
      |  ~~~~         
18:24:24 **** Incremental Build of configuration Debug for project Jashanjot1 ****
Info: Internal Builder is used for build
gcc -O0 -g3 -Wall -c -fmessage-length=0 -o "src\\Jashanjot1.o" "..\\src\\Jashanjot1.c" 
..\src\Jashanjot1.c: In function 'main':
..\src\Jashanjot1.c:6:9: error: 'Enter' undeclared (first use in this function)
    6 |  printf(Enter the values of length and breath);
      |         ^~~~~
..\src\Jashanjot1.c:6:9: note: each undeclared identifier is reported only once for each function it appears in
..\src\Jashanjot1.c:6:14: error: expected ')' before 'the'
    6 |  printf(Enter the values of length and breath);
      |              ^~~~
      |              )
..\src\Jashanjot1.c:9:6: error: called object is not a function or function pointer
    9 | pera=2(l+b);
      |      ^
18:24:59 **** Incremental Build of configuration Debug for project Jashanjot1 ****
Info: Internal Builder is used for build
gcc -O0 -g3 -Wall -c -fmessage-length=0 -o "src\\Jashanjot1.o" "..\\src\\Jashanjot1.c" 
gcc -o Jashanjot1.exe "src\\Jashanjot1.o" 
18:25:53 **** Incremental Build of configuration Debug for project Jashanjot1 ****
Info: Internal Builder is used for build
gcc -O0 -g3 -Wall -c -fmessage-length=0 -o "src\\Jashanjot1.o" "..\\src\\Jashanjot1.c" 
gcc -o Jashanjot1.exe "src\\Jashanjot1.o" 
Info: Nothing to build for Jashanjot1
Info: Nothing to build for Jashanjot1
Info: Nothing to build for Jashanjot1
Info: Nothing to build for Jashanjot1
Info: Nothing to build for Jashanjot1
Info: Nothing to build for Jashanjot1
Info: Nothing to build for Jashanjot1
Info: Nothing to build for Jashanjot1
Info: Nothing to build for Jashanjot1
Info: Nothing to build for Jashanjot1
Info: Nothing to build for Jashanjot1
Info: Nothing to build for Jashanjot1
Info: Nothing to build for Jashanjot1
Info: Nothing to build for Jashanjot1
Info: Nothing to build for Jashanjot1
Info: Nothing to build for Jashanjot1
Info: Nothing to build for Jashanjot1
18:28:58 **** Incremental Build of configuration Debug for project Jashanjot1 ****
Info: Internal Builder is used for build
gcc -O0 -g3 -Wall -c -fmessage-length=0 -o "src\\Jashanjot1.o" "..\\src\\Jashanjot1.c" 
gcc -o Jashanjot1.exe "src\\Jashanjot1.o" 
18:50:46 **** Incremental Build of configuration Debug for project Jashanjot1 ****
Info: Internal Builder is used for build
gcc -O0 -g3 -Wall -c -fmessage-length=0 -o "src\\Jashanjot1.o" "..\\src\\Jashanjot1.c" 
..\src\Jashanjot1.c: In function 'main':
..\src\Jashanjot1.c:8:10: warning: format '%d' expects argument of type 'int *', but argument 2 has type 'int' [-Wformat=]
    8 |  scanf("%d",num);
      |         ~^  ~~~
      |          |  |
      |          |  int
      |          int *
..\src\Jashanjot1.c:8:10: warning: format '%d' expects argument of type 'int *', but argument 2 has type 'int' [-Wformat=]
..\src\Jashanjot1.c:9:9: error: expected ';' before 'd'
    9 | e=num%10
      |         ^
      |         ;
   10 | d=num%100
      | ~        
..\src\Jashanjot1.c:5:18: warning: variable 'e' set but not used [-Wunused-but-set-variable]
    5 |  int num,a,b,c,d,e;
      |                  ^
..\src\Jashanjot1.c:5:16: warning: unused variable 'd' [-Wunused-variable]
    5 |  int num,a,b,c,d,e;
      |                ^
..\src\Jashanjot1.c:5:14: warning: unused variable 'c' [-Wunused-variable]
    5 |  int num,a,b,c,d,e;
      |              ^
..\src\Jashanjot1.c:5:12: warning: unused variable 'b' [-Wunused-variable]
    5 |  int num,a,b,c,d,e;
      |            ^
..\src\Jashanjot1.c:5:10: warning: unused variable 'a' [-Wunused-variable]
    5 |  int num,a,b,c,d,e;
      |          ^
18:51:06 **** Incremental Build of configuration Debug for project Jashanjot1 ****
Info: Internal Builder is used for build
gcc -O0 -g3 -Wall -c -fmessage-length=0 -o "src\\Jashanjot1.o" "..\\src\\Jashanjot1.c" 
..\src\Jashanjot1.c: In function 'main':
..\src\Jashanjot1.c:8:10: warning: format '%d' expects argument of type 'int *', but argument 2 has type 'int' [-Wformat=]
    8 |  scanf("%d",num);
      |         ~^  ~~~
      |          |  |
      |          |  int
      |          int *
..\src\Jashanjot1.c:8:10: warning: format '%d' expects argument of type 'int *', but argument 2 has type 'int' [-Wformat=]
..\src\Jashanjot1.c:9:9: error: expected ';' before 'd'
    9 | e=num%10
      |         ^
      |         ;
   10 | d=num%100
      | ~        
..\src\Jashanjot1.c:5:18: warning: variable 'e' set but not used [-Wunused-but-set-variable]
    5 |  int num,a,b,c,d,e;
      |                  ^
..\src\Jashanjot1.c:5:16: warning: unused variable 'd' [-Wunused-variable]
    5 |  int num,a,b,c,d,e;
      |                ^
..\src\Jashanjot1.c:5:14: warning: unused variable 'c' [-Wunused-variable]
    5 |  int num,a,b,c,d,e;
      |              ^
..\src\Jashanjot1.c:5:12: warning: unused variable 'b' [-Wunused-variable]
    5 |  int num,a,b,c,d,e;
      |            ^
..\src\Jashanjot1.c:5:10: warning: unused variable 'a' [-Wunused-variable]
    5 |  int num,a,b,c,d,e;
      |          ^
18:51:10 **** Incremental Build of configuration Debug for project Jashanjot1 ****
Info: Internal Builder is used for build
gcc -O0 -g3 -Wall -c -fmessage-length=0 -o "src\\Jashanjot1.o" "..\\src\\Jashanjot1.c" 
..\src\Jashanjot1.c: In function 'main':
..\src\Jashanjot1.c:8:10: warning: format '%d' expects argument of type 'int *', but argument 2 has type 'int' [-Wformat=]
    8 |  scanf("%d",num);
      |         ~^  ~~~
      |          |  |
      |          |  int
      |          int *
..\src\Jashanjot1.c:8:10: warning: format '%d' expects argument of type 'int *', but argument 2 has type 'int' [-Wformat=]
..\src\Jashanjot1.c:9:9: error: expected ';' before 'd'
    9 | e=num%10
      |         ^
      |         ;
   10 | d=num%100
      | ~        
..\src\Jashanjot1.c:5:18: warning: variable 'e' set but not used [-Wunused-but-set-variable]
    5 |  int num,a,b,c,d,e;
      |                  ^
..\src\Jashanjot1.c:5:16: warning: unused variable 'd' [-Wunused-variable]
    5 |  int num,a,b,c,d,e;
      |                ^
..\src\Jashanjot1.c:5:14: warning: unused variable 'c' [-Wunused-variable]
    5 |  int num,a,b,c,d,e;
      |              ^
..\src\Jashanjot1.c:5:12: warning: unused variable 'b' [-Wunused-variable]
    5 |  int num,a,b,c,d,e;
      |            ^
..\src\Jashanjot1.c:5:10: warning: unused variable 'a' [-Wunused-variable]
    5 |  int num,a,b,c,d,e;
      |          ^
18:51:10 **** Incremental Build of configuration Debug for project Jashanjot1 ****
Info: Internal Builder is used for build
gcc -O0 -g3 -Wall -c -fmessage-length=0 -o "src\\Jashanjot1.o" "..\\src\\Jashanjot1.c" 
..\src\Jashanjot1.c: In function 'main':
..\src\Jashanjot1.c:8:10: warning: format '%d' expects argument of type 'int *', but argument 2 has type 'int' [-Wformat=]
    8 |  scanf("%d",num);
      |         ~^  ~~~
      |          |  |
      |          |  int
      |          int *
..\src\Jashanjot1.c:8:10: warning: format '%d' expects argument of type 'int *', but argument 2 has type 'int' [-Wformat=]
..\src\Jashanjot1.c:9:9: error: expected ';' before 'd'
    9 | e=num%10
      |         ^
      |         ;
   10 | d=num%100
      | ~        
..\src\Jashanjot1.c:5:18: warning: variable 'e' set but not used [-Wunused-but-set-variable]
    5 |  int num,a,b,c,d,e;
      |                  ^
..\src\Jashanjot1.c:5:16: warning: unused variable 'd' [-Wunused-variable]
    5 |  int num,a,b,c,d,e;
      |                ^
..\src\Jashanjot1.c:5:14: warning: unused variable 'c' [-Wunused-variable]
    5 |  int num,a,b,c,d,e;
      |              ^
..\src\Jashanjot1.c:5:12: warning: unused variable 'b' [-Wunused-variable]
    5 |  int num,a,b,c,d,e;
      |            ^
..\src\Jashanjot1.c:5:10: warning: unused variable 'a' [-Wunused-variable]
    5 |  int num,a,b,c,d,e;
      |          ^
18:51:10 **** Incremental Build of configuration Debug for project Jashanjot1 ****
Info: Internal Builder is used for build
gcc -O0 -g3 -Wall -c -fmessage-length=0 -o "src\\Jashanjot1.o" "..\\src\\Jashanjot1.c" 
..\src\Jashanjot1.c: In function 'main':
..\src\Jashanjot1.c:8:10: warning: format '%d' expects argument of type 'int *', but argument 2 has type 'int' [-Wformat=]
    8 |  scanf("%d",num);
      |         ~^  ~~~
      |          |  |
      |          |  int
      |          int *
..\src\Jashanjot1.c:8:10: warning: format '%d' expects argument of type 'int *', but argument 2 has type 'int' [-Wformat=]
..\src\Jashanjot1.c:9:9: error: expected ';' before 'd'
    9 | e=num%10
      |         ^
      |         ;
   10 | d=num%100
      | ~        
..\src\Jashanjot1.c:5:18: warning: variable 'e' set but not used [-Wunused-but-set-variable]
    5 |  int num,a,b,c,d,e;
      |                  ^
..\src\Jashanjot1.c:5:16: warning: unused variable 'd' [-Wunused-variable]
    5 |  int num,a,b,c,d,e;
      |                ^
..\src\Jashanjot1.c:5:14: warning: unused variable 'c' [-Wunused-variable]
    5 |  int num,a,b,c,d,e;
      |              ^
..\src\Jashanjot1.c:5:12: warning: unused variable 'b' [-Wunused-variable]
    5 |  int num,a,b,c,d,e;
      |            ^
..\src\Jashanjot1.c:5:10: warning: unused variable 'a' [-Wunused-variable]
    5 |  int num,a,b,c,d,e;
      |          ^
18:52:08 **** Incremental Build of configuration Debug for project Jashanjot1 ****
Info: Internal Builder is used for build
gcc -O0 -g3 -Wall -c -fmessage-length=0 -o "src\\Jashanjot1.o" "..\\src\\Jashanjot1.c" 
..\src\Jashanjot1.c: In function 'main':
..\src\Jashanjot1.c:14:25: error: 'add' undeclared (first use in this function)
   14 | printf("Number is %d/n",add=a+b+c+d+e);
      |                         ^~~
..\src\Jashanjot1.c:14:25: note: each undeclared identifier is reported only once for each function it appears in
18:52:11 **** Incremental Build of configuration Debug for project Jashanjot1 ****
Info: Internal Builder is used for build
gcc -O0 -g3 -Wall -c -fmessage-length=0 -o "src\\Jashanjot1.o" "..\\src\\Jashanjot1.c" 
..\src\Jashanjot1.c: In function 'main':
..\src\Jashanjot1.c:14:25: error: 'add' undeclared (first use in this function)
   14 | printf("Number is %d/n",add=a+b+c+d+e);
      |                         ^~~
..\src\Jashanjot1.c:14:25: note: each undeclared identifier is reported only once for each function it appears in
18:52:45 **** Incremental Build of configuration Debug for project Jashanjot1 ****
Info: Internal Builder is used for build
gcc -O0 -g3 -Wall -c -fmessage-length=0 -o "src\\Jashanjot1.o" "..\\src\\Jashanjot1.c" 
gcc -o Jashanjot1.exe "src\\Jashanjot1.o" 
18:58:17 **** Incremental Build of configuration Debug for project Jashanjot1 ****
Info: Internal Builder is used for build
gcc -O0 -g3 -Wall -c -fmessage-length=0 -o "src\\Jashanjot1.o" "..\\src\\Jashanjot1.c" 
..\src\Jashanjot1.c: In function 'main':
..\src\Jashanjot1.c:13:14: error: expected ';' before 'printf'
   13 | a=(num/10000)
      |              ^
      |              ;
   14 | printf("Number is %d/n",add=a+b+c+d+e);
      | ~~~~~~        
..\src\Jashanjot1.c:5:20: warning: unused variable 'add' [-Wunused-variable]
    5 |  int num,a,b,c,d,e,add;
      |                    ^~~
..\src\Jashanjot1.c:5:18: warning: variable 'e' set but not used [-Wunused-but-set-variable]
    5 |  int num,a,b,c,d,e,add;
      |                  ^
..\src\Jashanjot1.c:5:16: warning: variable 'd' set but not used [-Wunused-but-set-variable]
    5 |  int num,a,b,c,d,e,add;
      |                ^
..\src\Jashanjot1.c:5:14: warning: variable 'c' set but not used [-Wunused-but-set-variable]
    5 |  int num,a,b,c,d,e,add;
      |              ^
..\src\Jashanjot1.c:5:12: warning: variable 'b' set but not used [-Wunused-but-set-variable]
    5 |  int num,a,b,c,d,e,add;
      |            ^
..\src\Jashanjot1.c:5:10: warning: variable 'a' set but not used [-Wunused-but-set-variable]
    5 |  int num,a,b,c,d,e,add;
      |          ^
18:58:32 **** Incremental Build of configuration Debug for project Jashanjot1 ****
Info: Internal Builder is used for build
gcc -O0 -g3 -Wall -c -fmessage-length=0 -o "src\\Jashanjot1.o" "..\\src\\Jashanjot1.c" 
gcc -o Jashanjot1.exe "src\\Jashanjot1.o" 
18:58:46 **** Incremental Build of configuration Debug for project Jashanjot1 ****
Info: Internal Builder is used for build
gcc -O0 -g3 -Wall -c -fmessage-length=0 -o "src\\Jashanjot1.o" "..\\src\\Jashanjot1.c" 
gcc -o Jashanjot1.exe "src\\Jashanjot1.o" 
19:11:17 **** Incremental Build of configuration Debug for project Jashanjot1 ****
Info: Internal Builder is used for build
gcc -O0 -g3 -Wall -c -fmessage-length=0 -o "src\\Jashanjot1.o" "..\\src\\Jashanjot1.c" 
..\src\Jashanjot1.c: In function 'main':
..\src\Jashanjot1.c:14:9: warning: too many arguments for format [-Wformat-extra-args]
   14 |  printf("Number in reverse order is %d",e,d,c,b,a);
      |         ^~~~~~~~~~~~~~~~~~~~~~~~~~~~~~~
..\src\Jashanjot1.c:14:9: warning: too many arguments for format [-Wformat-extra-args]
gcc -o Jashanjot1.exe "src\\Jashanjot1.o" 
19:13:02 **** Incremental Build of configuration Debug for project Jashanjot1 ****
Info: Internal Builder is used for build
gcc -O0 -g3 -Wall -c -fmessage-length=0 -o "src\\Jashanjot1.o" "..\\src\\Jashanjot1.c" 
gcc -o Jashanjot1.exe "src\\Jashanjot1.o" 
19:20:10 **** Incremental Build of configuration Debug for project Jashanjot1 ****
Info: Internal Builder is used for build
gcc -O0 -g3 -Wall -c -fmessage-length=0 -o "src\\Jashanjot1.o" "..\\src\\Jashanjot1.c" 
..\src\Jashanjot1.c: In function 'main':
..\src\Jashanjot1.c:12:2: warning: implicit declaration of function 'prinf'; did you mean 'printf'? [-Wimplicit-function-declaration]
   12 |  prinf("the polar coordinates are %d and %d",phi,r);
      |  ^~~~~
      |  printf
gcc -o Jashanjot1.exe "src\\Jashanjot1.o" 
src\Jashanjot1.o: In function `main':
D:\c workspace\Jashanjot1\Debug/../src/Jashanjot1.c:12: undefined reference to `prinf'
collect2.exe: error: ld returned 1 exit status
19:20:31 **** Incremental Build of configuration Debug for project Jashanjot1 ****
Info: Internal Builder is used for build
gcc -O0 -g3 -Wall -c -fmessage-length=0 -o "src\\Jashanjot1.o" "..\\src\\Jashanjot1.c" 
gcc -o Jashanjot1.exe "src\\Jashanjot1.o" 
19:22:10 **** Incremental Build of configuration Debug for project Jashanjot1 ****
Info: Internal Builder is used for build
gcc -O0 -g3 -Wall -c -fmessage-length=0 -o "src\\Jashanjot1.o" "..\\src\\Jashanjot1.c" 
gcc -o Jashanjot1.exe "src\\Jashanjot1.o" 
19:22:38 **** Incremental Build of configuration Debug for project Jashanjot1 ****
Info: Internal Builder is used for build
gcc -O0 -g3 -Wall -c -fmessage-length=0 -o "src\\Jashanjot1.o" "..\\src\\Jashanjot1.c" 
gcc -o Jashanjot1.exe "src\\Jashanjot1.o" 
19:23:01 **** Incremental Build of configuration Debug for project Jashanjot1 ****
Info: Internal Builder is used for build
gcc -O0 -g3 -Wall -c -fmessage-length=0 -o "src\\Jashanjot1.o" "..\\src\\Jashanjot1.c" 
gcc -o Jashanjot1.exe "src\\Jashanjot1.o" 
19:42:09 **** Incremental Build of configuration Debug for project Jashanjot1 ****
Info: Internal Builder is used for build
gcc -O0 -g3 -Wall -c -fmessage-length=0 -o "src\\Jashanjot1.o" "..\\src\\Jashanjot1.c" 
gcc -o Jashanjot1.exe "src\\Jashanjot1.o" 
Info: Nothing to build for Jashanjot1
19:42:34 **** Incremental Build of configuration Debug for project Jashanjot1 ****
Info: Internal Builder is used for build
gcc -O0 -g3 -Wall -c -fmessage-length=0 -o "src\\Jashanjot1.o" "..\\src\\Jashanjot1.c" 
gcc -o Jashanjot1.exe "src\\Jashanjot1.o" 
19:51:49 **** Incremental Build of configuration Debug for project Jashanjot1 ****
Info: Internal Builder is used for build
gcc -O0 -g3 -Wall -c -fmessage-length=0 -o "src\\Jashanjot1.o" "..\\src\\Jashanjot1.c" 
..\src\Jashanjot1.c: In function 'main':
..\src\Jashanjot1.c:7:37: error: expected ';' before 'scanf'
    7 |      printf("Enter the two numbers")
      |                                     ^
      |                                     ;
    8 |      scanf("%d %d",&c,&d);
      |      ~~~~~                           
19:52:01 **** Incremental Build of configuration Debug for project Jashanjot1 ****
Info: Internal Builder is used for build
gcc -O0 -g3 -Wall -c -fmessage-length=0 -o "src\\Jashanjot1.o" "..\\src\\Jashanjot1.c" 
gcc -o Jashanjot1.exe "src\\Jashanjot1.o" 
19:52:24 **** Incremental Build of configuration Debug for project Jashanjot1 ****
Info: Internal Builder is used for build
gcc -O0 -g3 -Wall -c -fmessage-length=0 -o "src\\Jashanjot1.o" "..\\src\\Jashanjot1.c" 
gcc -o Jashanjot1.exe "src\\Jashanjot1.o" 
20:03:35 **** Incremental Build of configuration Debug for project Jashanjot1 ****
Info: Internal Builder is used for build
gcc -O0 -g3 -Wall -c -fmessage-length=0 -o "src\\Jashanjot1.o" "..\\src\\Jashanjot1.c" 
gcc -o Jashanjot1.exe "src\\Jashanjot1.o" 
20:06:23 **** Incremental Build of configuration Debug for project Jashanjot1 ****
Info: Internal Builder is used for build
gcc -O0 -g3 -Wall -c -fmessage-length=0 -o "src\\Jashanjot1.o" "..\\src\\Jashanjot1.c" 
gcc -o Jashanjot1.exe "src\\Jashanjot1.o" 
20:07:11 **** Incremental Build of configuration Debug for project Jashanjot1 ****
Info: Internal Builder is used for build
gcc -O0 -g3 -Wall -c -fmessage-length=0 -o "src\\Jashanjot1.o" "..\\src\\Jashanjot1.c" 
gcc -o Jashanjot1.exe "src\\Jashanjot1.o" 
20:32:01 **** Incremental Build of configuration Debug for project Jashanjot1 ****
Info: Internal Builder is used for build
gcc -O0 -g3 -Wall -c -fmessage-length=0 -o "src\\Jashanjot1.o" "..\\src\\Jashanjot1.c" 
..\src\Jashanjot1.c: In function 'main':
..\src\Jashanjot1.c:8:13: warning: format '%d' expects argument of type 'int *', but argument 2 has type 'int' [-Wformat=]
    8 |     scanf("%d",year);
      |            ~^  ~~~~
      |             |  |
      |             |  int
      |             int *
..\src\Jashanjot1.c:8:13: warning: format '%d' expects argument of type 'int *', but argument 2 has type 'int' [-Wformat=]
..\src\Jashanjot1.c:10:5: warning: this 'if' clause does not guard... [-Wmisleading-indentation]
   10 |     if(year%400==0);
      |     ^~
..\src\Jashanjot1.c:11:5: note: ...this statement, but the latter is misleadingly indented as if it were guarded by the 'if'
   11 |     {
      |     ^
..\src\Jashanjot1.c:12:6: warning: implicit declaration of function 'print'; did you mean 'printf'? [-Wimplicit-function-declaration]
   12 |      print("It is a leap year");
      |      ^~~~~
      |      printf
..\src\Jashanjot1.c:13:6: error: 'else' without a previous 'if'
   13 |      else
      |      ^~~~
20:32:27 **** Incremental Build of configuration Debug for project Jashanjot1 ****
Info: Internal Builder is used for build
gcc -O0 -g3 -Wall -c -fmessage-length=0 -o "src\\Jashanjot1.o" "..\\src\\Jashanjot1.c" 
..\src\Jashanjot1.c: In function 'main':
..\src\Jashanjot1.c:8:13: warning: format '%d' expects argument of type 'int *', but argument 2 has type 'int' [-Wformat=]
    8 |     scanf("%d",year);
      |            ~^  ~~~~
      |             |  |
      |             |  int
      |             int *
..\src\Jashanjot1.c:8:13: warning: format '%d' expects argument of type 'int *', but argument 2 has type 'int' [-Wformat=]
..\src\Jashanjot1.c:10:5: warning: this 'if' clause does not guard... [-Wmisleading-indentation]
   10 |     if(year%400==0);
      |     ^~
..\src\Jashanjot1.c:11:5: note: ...this statement, but the latter is misleadingly indented as if it were guarded by the 'if'
   11 |     {
      |     ^
..\src\Jashanjot1.c:13:6: error: 'else' without a previous 'if'
   13 |      else
      |      ^~~~
20:32:46 **** Incremental Build of configuration Debug for project Jashanjot1 ****
Info: Internal Builder is used for build
gcc -O0 -g3 -Wall -c -fmessage-length=0 -o "src\\Jashanjot1.o" "..\\src\\Jashanjot1.c" 
..\src\Jashanjot1.c: In function 'main':
..\src\Jashanjot1.c:8:13: warning: format '%d' expects argument of type 'int *', but argument 2 has type 'int' [-Wformat=]
    8 |     scanf("%d",year);
      |            ~^  ~~~~
      |             |  |
      |             |  int
      |             int *
..\src\Jashanjot1.c:8:13: warning: format '%d' expects argument of type 'int *', but argument 2 has type 'int' [-Wformat=]
..\src\Jashanjot1.c:10:5: warning: this 'if' clause does not guard... [-Wmisleading-indentation]
   10 |     if(year%400==0);
      |     ^~
..\src\Jashanjot1.c:11:5: note: ...this statement, but the latter is misleadingly indented as if it were guarded by the 'if'
   11 |     {
      |     ^
..\src\Jashanjot1.c:14:5: error: 'else' without a previous 'if'
   14 |     else
      |     ^~~~
20:32:49 **** Incremental Build of configuration Debug for project Jashanjot1 ****
Info: Internal Builder is used for build
gcc -O0 -g3 -Wall -c -fmessage-length=0 -o "src\\Jashanjot1.o" "..\\src\\Jashanjot1.c" 
..\src\Jashanjot1.c: In function 'main':
..\src\Jashanjot1.c:8:13: warning: format '%d' expects argument of type 'int *', but argument 2 has type 'int' [-Wformat=]
    8 |     scanf("%d",year);
      |            ~^  ~~~~
      |             |  |
      |             |  int
      |             int *
..\src\Jashanjot1.c:8:13: warning: format '%d' expects argument of type 'int *', but argument 2 has type 'int' [-Wformat=]
..\src\Jashanjot1.c:10:5: warning: this 'if' clause does not guard... [-Wmisleading-indentation]
   10 |     if(year%400==0);
      |     ^~
..\src\Jashanjot1.c:11:5: note: ...this statement, but the latter is misleadingly indented as if it were guarded by the 'if'
   11 |     {
      |     ^
..\src\Jashanjot1.c:14:5: error: 'else' without a previous 'if'
   14 |     else
      |     ^~~~
20:34:06 **** Incremental Build of configuration Debug for project Jashanjot1 ****
Info: Internal Builder is used for build
gcc -O0 -g3 -Wall -c -fmessage-length=0 -o "src\\Jashanjot1.o" "..\\src\\Jashanjot1.c" 
..\src\Jashanjot1.c: In function 'main':
..\src\Jashanjot1.c:8:13: warning: format '%d' expects argument of type 'int *', but argument 2 has type 'int' [-Wformat=]
    8 |     scanf("%d",year);
      |            ~^  ~~~~
      |             |  |
      |             |  int
      |             int *
..\src\Jashanjot1.c:8:13: warning: format '%d' expects argument of type 'int *', but argument 2 has type 'int' [-Wformat=]
..\src\Jashanjot1.c:10:5: warning: this 'if' clause does not guard... [-Wmisleading-indentation]
   10 |     if(year%400==0);
      |     ^~
..\src\Jashanjot1.c:11:5: note: ...this statement, but the latter is misleadingly indented as if it were guarded by the 'if'
   11 |     {
      |     ^
..\src\Jashanjot1.c:15:5: error: 'else' without a previous 'if'
   15 |     else
      |     ^~~~
20:34:09 **** Incremental Build of configuration Debug for project Jashanjot1 ****
Info: Internal Builder is used for build
gcc -O0 -g3 -Wall -c -fmessage-length=0 -o "src\\Jashanjot1.o" "..\\src\\Jashanjot1.c" 
..\src\Jashanjot1.c: In function 'main':
..\src\Jashanjot1.c:8:13: warning: format '%d' expects argument of type 'int *', but argument 2 has type 'int' [-Wformat=]
    8 |     scanf("%d",year);
      |            ~^  ~~~~
      |             |  |
      |             |  int
      |             int *
..\src\Jashanjot1.c:8:13: warning: format '%d' expects argument of type 'int *', but argument 2 has type 'int' [-Wformat=]
..\src\Jashanjot1.c:10:5: warning: this 'if' clause does not guard... [-Wmisleading-indentation]
   10 |     if(year%400==0);
      |     ^~
..\src\Jashanjot1.c:11:5: note: ...this statement, but the latter is misleadingly indented as if it were guarded by the 'if'
   11 |     {
      |     ^
..\src\Jashanjot1.c:15:5: error: 'else' without a previous 'if'
   15 |     else
      |     ^~~~
20:34:25 **** Incremental Build of configuration Debug for project Jashanjot1 ****
Info: Internal Builder is used for build
gcc -O0 -g3 -Wall -c -fmessage-length=0 -o "src\\Jashanjot1.o" "..\\src\\Jashanjot1.c" 
..\src\Jashanjot1.c: In function 'main':
..\src\Jashanjot1.c:8:13: warning: format '%d' expects argument of type 'int *', but argument 2 has type 'int' [-Wformat=]
    8 |     scanf("%d",year);
      |            ~^  ~~~~
      |             |  |
      |             |  int
      |             int *
..\src\Jashanjot1.c:8:13: warning: format '%d' expects argument of type 'int *', but argument 2 has type 'int' [-Wformat=]
..\src\Jashanjot1.c:8:5: warning: 'year' is used uninitialized in this function [-Wuninitialized]
    8 |     scanf("%d",year);
      |     ^~~~~~~~~~~~~~~~
gcc -o Jashanjot1.exe "src\\Jashanjot1.o" 
Info: Nothing to build for Jashanjot1
20:35:41 **** Incremental Build of configuration Debug for project Jashanjot1 ****
Info: Internal Builder is used for build
gcc -O0 -g3 -Wall -c -fmessage-length=0 -o "src\\Jashanjot1.o" "..\\src\\Jashanjot1.c" 
..\src\Jashanjot1.c: In function 'main':
..\src\Jashanjot1.c:8:13: warning: format '%d' expects argument of type 'int *', but argument 2 has type 'int' [-Wformat=]
    8 |     scanf("%d",year);
      |            ~^  ~~~~
      |             |  |
      |             |  int
      |             int *
..\src\Jashanjot1.c:8:13: warning: format '%d' expects argument of type 'int *', but argument 2 has type 'int' [-Wformat=]
..\src\Jashanjot1.c:15:5: warning: implicit declaration of function 'elseif' [-Wimplicit-function-declaration]
   15 |     elseif(year%100==0)
      |     ^~~~~~
..\src\Jashanjot1.c:15:24: error: expected ';' before '{' token
   15 |     elseif(year%100==0)
      |                        ^
      |                        ;
   16 |     {
      |     ~                   
20:36:03 **** Incremental Build of configuration Debug for project Jashanjot1 ****
Info: Internal Builder is used for build
gcc -O0 -g3 -Wall -c -fmessage-length=0 -o "src\\Jashanjot1.o" "..\\src\\Jashanjot1.c" 
..\src\Jashanjot1.c: In function 'main':
..\src\Jashanjot1.c:8:13: warning: format '%d' expects argument of type 'int *', but argument 2 has type 'int' [-Wformat=]
    8 |     scanf("%d",year);
      |            ~^  ~~~~
      |             |  |
      |             |  int
      |             int *
..\src\Jashanjot1.c:8:13: warning: format '%d' expects argument of type 'int *', but argument 2 has type 'int' [-Wformat=]
..\src\Jashanjot1.c:15:5: warning: implicit declaration of function 'elseif' [-Wimplicit-function-declaration]
   15 |     elseif(year%100==0);
      |     ^~~~~~
..\src\Jashanjot1.c:8:5: warning: 'year' is used uninitialized in this function [-Wuninitialized]
    8 |     scanf("%d",year);
      |     ^~~~~~~~~~~~~~~~
gcc -o Jashanjot1.exe "src\\Jashanjot1.o" 
src\Jashanjot1.o: In function `main':
D:\c workspace\Jashanjot1\Debug/../src/Jashanjot1.c:15: undefined reference to `elseif'
collect2.exe: error: ld returned 1 exit status
20:36:13 **** Incremental Build of configuration Debug for project Jashanjot1 ****
Info: Internal Builder is used for build
gcc -O0 -g3 -Wall -c -fmessage-length=0 -o "src\\Jashanjot1.o" "..\\src\\Jashanjot1.c" 
..\src\Jashanjot1.c: In function 'main':
..\src\Jashanjot1.c:8:13: warning: format '%d' expects argument of type 'int *', but argument 2 has type 'int' [-Wformat=]
    8 |     scanf("%d",year);
      |            ~^  ~~~~
      |             |  |
      |             |  int
      |             int *
..\src\Jashanjot1.c:8:13: warning: format '%d' expects argument of type 'int *', but argument 2 has type 'int' [-Wformat=]
..\src\Jashanjot1.c:15:10: warning: this 'if' clause does not guard... [-Wmisleading-indentation]
   15 |     else if(year%100==0);
      |          ^~
..\src\Jashanjot1.c:16:5: note: ...this statement, but the latter is misleadingly indented as if it were guarded by the 'if'
   16 |     {
      |     ^
..\src\Jashanjot1.c:8:5: warning: 'year' is used uninitialized in this function [-Wuninitialized]
    8 |     scanf("%d",year);
      |     ^~~~~~~~~~~~~~~~
gcc -o Jashanjot1.exe "src\\Jashanjot1.o" 
20:36:22 **** Incremental Build of configuration Debug for project Jashanjot1 ****
Info: Internal Builder is used for build
gcc -O0 -g3 -Wall -c -fmessage-length=0 -o "src\\Jashanjot1.o" "..\\src\\Jashanjot1.c" 
..\src\Jashanjot1.c: In function 'main':
..\src\Jashanjot1.c:8:13: warning: format '%d' expects argument of type 'int *', but argument 2 has type 'int' [-Wformat=]
    8 |     scanf("%d",year);
      |            ~^  ~~~~
      |             |  |
      |             |  int
      |             int *
..\src\Jashanjot1.c:8:13: warning: format '%d' expects argument of type 'int *', but argument 2 has type 'int' [-Wformat=]
..\src\Jashanjot1.c:8:5: warning: 'year' is used uninitialized in this function [-Wuninitialized]
    8 |     scanf("%d",year);
      |     ^~~~~~~~~~~~~~~~
gcc -o Jashanjot1.exe "src\\Jashanjot1.o" 
20:36:56 **** Incremental Build of configuration Debug for project Jashanjot1 ****
Info: Internal Builder is used for build
gcc -O0 -g3 -Wall -c -fmessage-length=0 -o "src\\Jashanjot1.o" "..\\src\\Jashanjot1.c" 
..\src\Jashanjot1.c: In function 'main':
..\src\Jashanjot1.c:8:13: warning: format '%d' expects argument of type 'int *', but argument 2 has type 'int' [-Wformat=]
    8 |     scanf("%d",year);
      |            ~^  ~~~~
      |             |  |
      |             |  int
      |             int *
..\src\Jashanjot1.c:8:13: warning: format '%d' expects argument of type 'int *', but argument 2 has type 'int' [-Wformat=]
..\src\Jashanjot1.c:8:5: warning: 'year' is used uninitialized in this function [-Wuninitialized]
    8 |     scanf("%d",year);
      |     ^~~~~~~~~~~~~~~~
gcc -o Jashanjot1.exe "src\\Jashanjot1.o" 
20:37:18 **** Incremental Build of configuration Debug for project Jashanjot1 ****
Info: Internal Builder is used for build
gcc -O0 -g3 -Wall -c -fmessage-length=0 -o "src\\Jashanjot1.o" "..\\src\\Jashanjot1.c" 
gcc -o Jashanjot1.exe "src\\Jashanjot1.o" 
20:38:45 **** Incremental Build of configuration Debug for project Jashanjot1 ****
Info: Internal Builder is used for build
gcc -O0 -g3 -Wall -c -fmessage-length=0 -o "src\\Jashanjot1.o" "..\\src\\Jashanjot1.c" 
..\src\Jashanjot1.c: In function 'main':
..\src\Jashanjot1.c:13:13: warning: too many arguments for format [-Wformat-extra-args]
   13 |      printf("It is a leap year",year);
      |             ^~~~~~~~~~~~~~~~~~~
..\src\Jashanjot1.c:13:13: warning: too many arguments for format [-Wformat-extra-args]
..\src\Jashanjot1.c:17:13: warning: too many arguments for format [-Wformat-extra-args]
   17 |      printf("It is not a leap year",year);
      |             ^~~~~~~~~~~~~~~~~~~~~~~
..\src\Jashanjot1.c:17:13: warning: too many arguments for format [-Wformat-extra-args]
gcc -o Jashanjot1.exe "src\\Jashanjot1.o" 
20:41:43 **** Incremental Build of configuration Debug for project Jashanjot1 ****
Info: Internal Builder is used for build
gcc -O0 -g3 -Wall -c -fmessage-length=0 -o "src\\Jashanjot1.o" "..\\src\\Jashanjot1.c" 
..\src\Jashanjot1.c: In function 'main':
..\src\Jashanjot1.c:17:4: error: expected declaration or statement at end of input
   17 |    }
      |    ^
20:41:58 **** Incremental Build of configuration Debug for project Jashanjot1 ****
Info: Internal Builder is used for build
gcc -O0 -g3 -Wall -c -fmessage-length=0 -o "src\\Jashanjot1.o" "..\\src\\Jashanjot1.c" 
..\src\Jashanjot1.c: In function 'main':
..\src\Jashanjot1.c:17:4: error: expected declaration or statement at end of input
   17 |    }
      |    ^
20:42:30 **** Incremental Build of configuration Debug for project Jashanjot1 ****
Info: Internal Builder is used for build
gcc -O0 -g3 -Wall -c -fmessage-length=0 -o "src\\Jashanjot1.o" "..\\src\\Jashanjot1.c" 
gcc -o Jashanjot1.exe "src\\Jashanjot1.o" 
20:49:20 **** Incremental Build of configuration Debug for project Jashanjot1 ****
Info: Internal Builder is used for build
gcc -O0 -g3 -Wall -c -fmessage-length=0 -o "src\\Jashanjot1.o" "..\\src\\Jashanjot1.c" 
..\src\Jashanjot1.c: In function 'main':
..\src\Jashanjot1.c:10:7: error: invalid suffix "x1" on integer constant
   10 |    x2=3x1-2;
      |       ^~~
..\src\Jashanjot1.c:11:11: error: invalid suffix "x1" on integer constant
   11 |    if(x2==3x1-2);
      |           ^~~
..\src\Jashanjot1.c:11:4: warning: this 'if' clause does not guard... [-Wmisleading-indentation]
   11 |    if(x2==3x1-2);
      |    ^~
..\src\Jashanjot1.c:12:4: note: ...this statement, but the latter is misleadingly indented as if it were guarded by the 'if'
   12 |    {
      |    ^
..\src\Jashanjot1.c:15:4: error: 'else' without a previous 'if'
   15 |    else if((x2!=3x1-2)
      |    ^~~~
..\src\Jashanjot1.c:15:17: error: invalid suffix "x1" on integer constant
   15 |    else if((x2!=3x1-2)
      |                 ^~~
..\src\Jashanjot1.c:15:23: error: expected ')' before '{' token
   15 |    else if((x2!=3x1-2)
      |           ~           ^
      |                       )
   16 |      {
      |      ~                 
..\src\Jashanjot1.c:20:6: error: expected expression before '}' token
   20 |      }
      |      ^
..\src\Jashanjot1.c:7:8: warning: unused variable 'y' [-Wunused-variable]
    7 |    int y;
      |        ^
20:49:56 **** Incremental Build of configuration Debug for project Jashanjot1 ****
Info: Internal Builder is used for build
gcc -O0 -g3 -Wall -c -fmessage-length=0 -o "src\\Jashanjot1.o" "..\\src\\Jashanjot1.c" 
..\src\Jashanjot1.c: In function 'main':
..\src\Jashanjot1.c:10:4: warning: this 'if' clause does not guard... [-Wmisleading-indentation]
   10 |    if(x2==3*x1-2);
      |    ^~
..\src\Jashanjot1.c:11:4: note: ...this statement, but the latter is misleadingly indented as if it were guarded by the 'if'
   11 |    {
      |    ^
..\src\Jashanjot1.c:14:4: error: 'else' without a previous 'if'
   14 |    else if((x2!=3*x1-2)
      |    ^~~~
..\src\Jashanjot1.c:14:24: error: expected ')' before '{' token
   14 |    else if((x2!=3*x1-2)
      |           ~            ^
      |                        )
   15 |      {
      |      ~                  
..\src\Jashanjot1.c:19:6: error: expected expression before '}' token
   19 |      }
      |      ^
20:50:01 **** Incremental Build of configuration Debug for project Jashanjot1 ****
Info: Internal Builder is used for build
gcc -O0 -g3 -Wall -c -fmessage-length=0 -o "src\\Jashanjot1.o" "..\\src\\Jashanjot1.c" 
..\src\Jashanjot1.c: In function 'main':
..\src\Jashanjot1.c:10:4: warning: this 'if' clause does not guard... [-Wmisleading-indentation]
   10 |    if(x2==3*x1-2);
      |    ^~
..\src\Jashanjot1.c:11:4: note: ...this statement, but the latter is misleadingly indented as if it were guarded by the 'if'
   11 |    {
      |    ^
..\src\Jashanjot1.c:14:4: error: 'else' without a previous 'if'
   14 |    else if((x2!=3*x1-2)
      |    ^~~~
..\src\Jashanjot1.c:14:24: error: expected ')' before '{' token
   14 |    else if((x2!=3*x1-2)
      |           ~            ^
      |                        )
   15 |      {
      |      ~                  
..\src\Jashanjot1.c:19:6: error: expected expression before '}' token
   19 |      }
      |      ^
20:52:15 **** Incremental Build of configuration Debug for project Jashanjot1 ****
Info: Internal Builder is used for build
gcc -O0 -g3 -Wall -c -fmessage-length=0 -o "src\\Jashanjot1.o" "..\\src\\Jashanjot1.c" 
..\src\Jashanjot1.c: In function 'main':
..\src\Jashanjot1.c:16:42: error: expected ';' before '}' token
   16 |  printf("Point does not lie on the line")
      |                                          ^
      |                                          ;
   17 |    }
      |    ~                                      
..\src\Jashanjot1.c:18:12: error: expected ';' before ':' token
   18 |    return 0:
      |            ^
      |            ;
20:52:25 **** Incremental Build of configuration Debug for project Jashanjot1 ****
Info: Internal Builder is used for build
gcc -O0 -g3 -Wall -c -fmessage-length=0 -o "src\\Jashanjot1.o" "..\\src\\Jashanjot1.c" 
..\src\Jashanjot1.c: In function 'main':
..\src\Jashanjot1.c:16:42: error: expected ';' before '}' token
   16 |  printf("Point does not lie on the line")
      |                                          ^
      |                                          ;
   17 |    }
      |    ~                                      
20:52:35 **** Incremental Build of configuration Debug for project Jashanjot1 ****
Info: Internal Builder is used for build
gcc -O0 -g3 -Wall -c -fmessage-length=0 -o "src\\Jashanjot1.o" "..\\src\\Jashanjot1.c" 
gcc -o Jashanjot1.exe "src\\Jashanjot1.o" 
Info: Nothing to build for Jashanjot1
20:57:13 **** Incremental Build of configuration Debug for project Jashanjot1 ****
Info: Internal Builder is used for build
gcc -O0 -g3 -Wall -c -fmessage-length=0 -o "src\\Jashanjot1.o" "..\\src\\Jashanjot1.c" 
gcc -o Jashanjot1.exe "src\\Jashanjot1.o" 
Info: Nothing to build for Jashanjot1
Info: Nothing to build for Jashanjot1
Info: Nothing to build for Jashanjot1
21:07:23 **** Incremental Build of configuration Debug for project Jashanjot1 ****
Info: Internal Builder is used for build
gcc -O0 -g3 -Wall -c -fmessage-length=0 -o "src\\Jashanjot1.o" "..\\src\\Jashanjot1.c" 
..\src\Jashanjot1.c: In function 'main':
..\src\Jashanjot1.c:6:6: warning: unused variable 'rate' [-Wunused-variable]
    6 |  int rate = 12;
      |      ^~~~
..\src\Jashanjot1.c:13:8: warning: 'i' may be used uninitialized in this function [-Wmaybe-uninitialized]
   13 |   while(i<=10);
      |        ^
gcc -o Jashanjot1.exe "src\\Jashanjot1.o" 
Info: Nothing to build for Jashanjot1
Info: Nothing to build for Jashanjot1
Info: Nothing to build for Jashanjot1
Info: Nothing to build for Jashanjot1
Info: Nothing to build for Jashanjot1
Info: Nothing to build for Jashanjot1
Info: Nothing to build for Jashanjot1
Info: Nothing to build for Jashanjot1
Info: Nothing to build for Jashanjot1
Info: Nothing to build for Jashanjot1
Info: Nothing to build for Jashanjot1
Info: Nothing to build for Jashanjot1
21:08:16 **** Incremental Build of configuration Debug for project Jashanjot1 ****
Info: Internal Builder is used for build
gcc -O0 -g3 -Wall -c -fmessage-length=0 -o "src\\Jashanjot1.o" "..\\src\\Jashanjot1.c" 
..\src\Jashanjot1.c: In function 'main':
..\src\Jashanjot1.c:13:8: warning: 'i' may be used uninitialized in this function [-Wmaybe-uninitialized]
   13 |   while(i<=10);
      |        ^
gcc -o Jashanjot1.exe "src\\Jashanjot1.o" 
21:09:03 **** Incremental Build of configuration Debug for project Jashanjot1 ****
Info: Internal Builder is used for build
gcc -O0 -g3 -Wall -c -fmessage-length=0 -o "src\\Jashanjot1.o" "..\\src\\Jashanjot1.c" 
..\src\Jashanjot1.c: In function 'main':
..\src\Jashanjot1.c:14:8: warning: 'i' may be used uninitialized in this function [-Wmaybe-uninitialized]
   14 |   while(i<=10);
      |        ^
gcc -o Jashanjot1.exe "src\\Jashanjot1.o" 
21:09:33 **** Incremental Build of configuration Debug for project Jashanjot1 ****
Info: Internal Builder is used for build
gcc -O0 -g3 -Wall -c -fmessage-length=0 -o "src\\Jashanjot1.o" "..\\src\\Jashanjot1.c" 
..\src\Jashanjot1.c: In function 'main':
..\src\Jashanjot1.c:14:3: warning: this 'while' clause does not guard... [-Wmisleading-indentation]
   14 |   while(i<=10);
      |   ^~~~~
..\src\Jashanjot1.c:15:3: note: ...this statement, but the latter is misleadingly indented as if it were guarded by the 'while'
   15 |   {
      |   ^
..\src\Jashanjot1.c:14:8: warning: 'i' may be used uninitialized in this function [-Wmaybe-uninitialized]
   14 |   while(i<=10);
      |        ^
gcc -o Jashanjot1.exe "src\\Jashanjot1.o" 
21:10:15 **** Incremental Build of configuration Debug for project Jashanjot1 ****
Info: Internal Builder is used for build
gcc -O0 -g3 -Wall -c -fmessage-length=0 -o "src\\Jashanjot1.o" "..\\src\\Jashanjot1.c" 
..\src\Jashanjot1.c: In function 'main':
..\src\Jashanjot1.c:14:3: warning: this 'while' clause does not guard... [-Wmisleading-indentation]
   14 |   while(i<=10);
      |   ^~~~~
..\src\Jashanjot1.c:15:3: note: ...this statement, but the latter is misleadingly indented as if it were guarded by the 'while'
   15 |   {
      |   ^
..\src\Jashanjot1.c:14:8: warning: 'i' may be used uninitialized in this function [-Wmaybe-uninitialized]
   14 |   while(i<=10);
      |        ^
gcc -o Jashanjot1.exe "src\\Jashanjot1.o" 
Info: Nothing to build for Jashanjot1
21:12:32 **** Incremental Build of configuration Debug for project Jashanjot1 ****
Info: Internal Builder is used for build
gcc -O0 -g3 -Wall -c -fmessage-length=0 -o "src\\Jashanjot1.o" "..\\src\\Jashanjot1.c" 
..\src\Jashanjot1.c: In function 'main':
..\src\Jashanjot1.c:3:2: warning: implicit declaration of function 'setbuf' [-Wimplicit-function-declaration]
    3 |  setbuf(stdout ,NULL);
      |  ^~~~~~
..\src\Jashanjot1.c:3:9: error: 'stdout' undeclared (first use in this function)
    3 |  setbuf(stdout ,NULL);
      |         ^~~~~~
..\src\Jashanjot1.c:1:1: note: 'stdout' is defined in header '<stdio.h>'; did you forget to '#include <stdio.h>'?
  +++ |+#include <stdio.h>
    1 | int main()
..\src\Jashanjot1.c:3:9: note: each undeclared identifier is reported only once for each function it appears in
    3 |  setbuf(stdout ,NULL);
      |         ^~~~~~
..\src\Jashanjot1.c:3:17: error: 'NULL' undeclared (first use in this function)
    3 |  setbuf(stdout ,NULL);
      |                 ^~~~
..\src\Jashanjot1.c:1:1: note: 'NULL' is defined in header '<stddef.h>'; did you forget to '#include <stddef.h>'?
  +++ |+#include <stddef.h>
    1 | int main()
..\src\Jashanjot1.c:6:2: warning: implicit declaration of function 'printf' [-Wimplicit-function-declaration]
    6 |  printf("Enter the hours employee had worked");
      |  ^~~~~~
..\src\Jashanjot1.c:6:2: warning: incompatible implicit declaration of built-in function 'printf'
..\src\Jashanjot1.c:6:2: note: include '<stdio.h>' or provide a declaration of 'printf'
..\src\Jashanjot1.c:7:2: warning: implicit declaration of function 'scanf' [-Wimplicit-function-declaration]
    7 |  scanf("%d",&hours);
      |  ^~~~~
..\src\Jashanjot1.c:7:2: warning: incompatible implicit declaration of built-in function 'scanf'
..\src\Jashanjot1.c:7:2: note: include '<stdio.h>' or provide a declaration of 'scanf'
..\src\Jashanjot1.c:12:3: warning: this 'while' clause does not guard... [-Wmisleading-indentation]
   12 |   while(i<=10);
      |   ^~~~~
..\src\Jashanjot1.c:13:3: note: ...this statement, but the latter is misleadingly indented as if it were guarded by the 'while'
   13 |   {
      |   ^
Info: Nothing to build for JASHANJOT
21:12:51 **** Incremental Build of configuration Debug for project Jashanjot1 ****
Info: Internal Builder is used for build
gcc -O0 -g3 -Wall -c -fmessage-length=0 -o "src\\Jashanjot1.o" "..\\src\\Jashanjot1.c" 
..\src\Jashanjot1.c: In function 'main':
..\src\Jashanjot1.c:3:2: warning: implicit declaration of function 'setbuf' [-Wimplicit-function-declaration]
    3 |  setbuf(stdout ,NULL);
      |  ^~~~~~
..\src\Jashanjot1.c:3:9: error: 'stdout' undeclared (first use in this function)
    3 |  setbuf(stdout ,NULL);
      |         ^~~~~~
..\src\Jashanjot1.c:1:1: note: 'stdout' is defined in header '<stdio.h>'; did you forget to '#include <stdio.h>'?
  +++ |+#include <stdio.h>
    1 | int main()
..\src\Jashanjot1.c:3:9: note: each undeclared identifier is reported only once for each function it appears in
    3 |  setbuf(stdout ,NULL);
      |         ^~~~~~
..\src\Jashanjot1.c:3:17: error: 'NULL' undeclared (first use in this function)
    3 |  setbuf(stdout ,NULL);
      |                 ^~~~
..\src\Jashanjot1.c:1:1: note: 'NULL' is defined in header '<stddef.h>'; did you forget to '#include <stddef.h>'?
  +++ |+#include <stddef.h>
    1 | int main()
..\src\Jashanjot1.c:6:2: warning: implicit declaration of function 'printf' [-Wimplicit-function-declaration]
    6 |  printf("Enter the hours employee had worked");
      |  ^~~~~~
..\src\Jashanjot1.c:6:2: warning: incompatible implicit declaration of built-in function 'printf'
..\src\Jashanjot1.c:6:2: note: include '<stdio.h>' or provide a declaration of 'printf'
..\src\Jashanjot1.c:7:2: warning: implicit declaration of function 'scanf' [-Wimplicit-function-declaration]
    7 |  scanf("%d",&hours);
      |  ^~~~~
..\src\Jashanjot1.c:7:2: warning: incompatible implicit declaration of built-in function 'scanf'
..\src\Jashanjot1.c:7:2: note: include '<stdio.h>' or provide a declaration of 'scanf'
..\src\Jashanjot1.c:12:3: warning: this 'while' clause does not guard... [-Wmisleading-indentation]
   12 |   while(i<=10);
      |   ^~~~~
..\src\Jashanjot1.c:13:3: note: ...this statement, but the latter is misleadingly indented as if it were guarded by the 'while'
   13 |   {
      |   ^
Info: Nothing to build for JASHANJOT
21:12:53 **** Incremental Build of configuration Debug for project Jashanjot1 ****
Info: Internal Builder is used for build
gcc -O0 -g3 -Wall -c -fmessage-length=0 -o "src\\Jashanjot1.o" "..\\src\\Jashanjot1.c" 
..\src\Jashanjot1.c: In function 'main':
..\src\Jashanjot1.c:3:2: warning: implicit declaration of function 'setbuf' [-Wimplicit-function-declaration]
    3 |  setbuf(stdout ,NULL);
      |  ^~~~~~
..\src\Jashanjot1.c:3:9: error: 'stdout' undeclared (first use in this function)
    3 |  setbuf(stdout ,NULL);
      |         ^~~~~~
..\src\Jashanjot1.c:1:1: note: 'stdout' is defined in header '<stdio.h>'; did you forget to '#include <stdio.h>'?
  +++ |+#include <stdio.h>
    1 | int main()
..\src\Jashanjot1.c:3:9: note: each undeclared identifier is reported only once for each function it appears in
    3 |  setbuf(stdout ,NULL);
      |         ^~~~~~
..\src\Jashanjot1.c:3:17: error: 'NULL' undeclared (first use in this function)
    3 |  setbuf(stdout ,NULL);
      |                 ^~~~
..\src\Jashanjot1.c:1:1: note: 'NULL' is defined in header '<stddef.h>'; did you forget to '#include <stddef.h>'?
  +++ |+#include <stddef.h>
    1 | int main()
..\src\Jashanjot1.c:6:2: warning: implicit declaration of function 'printf' [-Wimplicit-function-declaration]
    6 |  printf("Enter the hours employee had worked");
      |  ^~~~~~
..\src\Jashanjot1.c:6:2: warning: incompatible implicit declaration of built-in function 'printf'
..\src\Jashanjot1.c:6:2: note: include '<stdio.h>' or provide a declaration of 'printf'
..\src\Jashanjot1.c:7:2: warning: implicit declaration of function 'scanf' [-Wimplicit-function-declaration]
    7 |  scanf("%d",&hours);
      |  ^~~~~
..\src\Jashanjot1.c:7:2: warning: incompatible implicit declaration of built-in function 'scanf'
..\src\Jashanjot1.c:7:2: note: include '<stdio.h>' or provide a declaration of 'scanf'
..\src\Jashanjot1.c:12:3: warning: this 'while' clause does not guard... [-Wmisleading-indentation]
   12 |   while(i<=10);
      |   ^~~~~
..\src\Jashanjot1.c:13:3: note: ...this statement, but the latter is misleadingly indented as if it were guarded by the 'while'
   13 |   {
      |   ^
21:13:05 **** Incremental Build of configuration Debug for project Jashanjot1 ****
Info: Internal Builder is used for build
gcc -O0 -g3 -Wall -c -fmessage-length=0 -o "src\\Jashanjot1.o" "..\\src\\Jashanjot1.c" 
..\src\Jashanjot1.c: In function 'main':
..\src\Jashanjot1.c:14:3: warning: this 'while' clause does not guard... [-Wmisleading-indentation]
   14 |   while(i<=10);
      |   ^~~~~
..\src\Jashanjot1.c:15:3: note: ...this statement, but the latter is misleadingly indented as if it were guarded by the 'while'
   15 |   {
      |   ^
..\src\Jashanjot1.c:14:8: warning: 'i' may be used uninitialized in this function [-Wmaybe-uninitialized]
   14 |   while(i<=10);
      |        ^
gcc -o Jashanjot1.exe "src\\Jashanjot1.o" 
21:13:40 **** Incremental Build of configuration Debug for project Jashanjot1 ****
Info: Internal Builder is used for build
gcc -O0 -g3 -Wall -c -fmessage-length=0 -o "src\\Jashanjot1.o" "..\\src\\Jashanjot1.c" 
..\src\Jashanjot1.c: In function 'main':
..\src\Jashanjot1.c:15:3: warning: this 'while' clause does not guard... [-Wmisleading-indentation]
   15 |   while(i<=10);
      |   ^~~~~
..\src\Jashanjot1.c:16:3: note: ...this statement, but the latter is misleadingly indented as if it were guarded by the 'while'
   16 |   {
      |   ^
..\src\Jashanjot1.c:15:8: warning: 'i' may be used uninitialized in this function [-Wmaybe-uninitialized]
   15 |   while(i<=10);
      |        ^
gcc -o Jashanjot1.exe "src\\Jashanjot1.o" 
21:16:36 **** Incremental Build of configuration Debug for project Jashanjot1 ****
Info: Internal Builder is used for build
gcc -O0 -g3 -Wall -c -fmessage-length=0 -o "src\\Jashanjot1.o" "..\\src\\Jashanjot1.c" 
..\src\Jashanjot1.c: In function 'main':
..\src\Jashanjot1.c:7:2: error: expected '=', ',', ';', 'asm' or '__attribute__' before 'while'
    7 |  while(i<=10);
      |  ^~~~~
..\src\Jashanjot1.c:7:8: error: 'i' undeclared (first use in this function)
    7 |  while(i<=10);
      |        ^
..\src\Jashanjot1.c:7:8: note: each undeclared identifier is reported only once for each function it appears in
..\src\Jashanjot1.c:7:2: warning: this 'while' clause does not guard... [-Wmisleading-indentation]
    7 |  while(i<=10);
      |  ^~~~~
..\src\Jashanjot1.c:8:2: note: ...this statement, but the latter is misleadingly indented as if it were guarded by the 'while'
    8 |  {
      |  ^
..\src\Jashanjot1.c:5:6: warning: unused variable 'pay' [-Wunused-variable]
    5 |  int pay,hours;
      |      ^~~
21:18:27 **** Incremental Build of configuration Debug for project Jashanjot1 ****
Info: Internal Builder is used for build
gcc -O0 -g3 -Wall -c -fmessage-length=0 -o "src\\Jashanjot1.o" "..\\src\\Jashanjot1.c" 
..\src\Jashanjot1.c: In function 'main':
..\src\Jashanjot1.c:7:2: warning: this 'while' clause does not guard... [-Wmisleading-indentation]
    7 |  while(i<=10);
      |  ^~~~~
..\src\Jashanjot1.c:8:2: note: ...this statement, but the latter is misleadingly indented as if it were guarded by the 'while'
    8 |  {
      |  ^
..\src\Jashanjot1.c:7:7: warning: 'i' is used uninitialized in this function [-Wuninitialized]
    7 |  while(i<=10);
      |       ^
gcc -o Jashanjot1.exe "src\\Jashanjot1.o" 
Info: Nothing to build for Jashanjot1
21:19:23 **** Incremental Build of configuration Debug for project Jashanjot1 ****
Info: Internal Builder is used for build
gcc -O0 -g3 -Wall -c -fmessage-length=0 -o "src\\Jashanjot1.o" "..\\src\\Jashanjot1.c" 
..\src\Jashanjot1.c: In function 'main':
..\src\Jashanjot1.c:7:2: warning: this 'while' clause does not guard... [-Wmisleading-indentation]
    7 |  while(i<=10);
      |  ^~~~~
..\src\Jashanjot1.c:8:2: note: ...this statement, but the latter is misleadingly indented as if it were guarded by the 'while'
    8 |  {
      |  ^
gcc -o Jashanjot1.exe "src\\Jashanjot1.o" 
Info: Nothing to build for Jashanjot1
21:37:02 **** Incremental Build of configuration Debug for project Jashanjot1 ****
Info: Internal Builder is used for build
gcc -O0 -g3 -Wall -c -fmessage-length=0 -o "src\\Jashanjot1.o" "..\\src\\Jashanjot1.c" 
..\src\Jashanjot1.c: In function 'main':
..\src\Jashanjot1.c:8:3: warning: this 'while' clause does not guard... [-Wmisleading-indentation]
    8 |   while(i<=10);
      |   ^~~~~
..\src\Jashanjot1.c:9:3: note: ...this statement, but the latter is misleadingly indented as if it were guarded by the 'while'
    9 |   {
      |   ^
gcc -o Jashanjot1.exe "src\\Jashanjot1.o" 
Info: Nothing to build for Jashanjot1
Info: Nothing to build for Jashanjot1
21:40:46 **** Incremental Build of configuration Debug for project Jashanjot1 ****
Info: Internal Builder is used for build
gcc -O0 -g3 -Wall -c -fmessage-length=0 -o "src\\Jashanjot1.o" "..\\src\\Jashanjot1.c" 
..\src\Jashanjot1.c: In function 'main':
..\src\Jashanjot1.c:8:2: warning: this 'while' clause does not guard... [-Wmisleading-indentation]
    8 |  while (i<=10);
      |  ^~~~~
..\src\Jashanjot1.c:9:2: note: ...this statement, but the latter is misleadingly indented as if it were guarded by the 'while'
    9 |  {
      |  ^
..\src\Jashanjot1.c:13:2: warning: implicit declaration of function 'print'; did you mean 'printf'? [-Wimplicit-function-declaration]
   13 |  print("Overtime pay = %d",pay);
      |  ^~~~~
      |  printf
..\src\Jashanjot1.c:14:5: error: expected ';' before '}' token
   14 |  i++
      |     ^
      |     ;
   15 |  }
      |  ~   
21:40:57 **** Incremental Build of configuration Debug for project Jashanjot1 ****
Info: Internal Builder is used for build
gcc -O0 -g3 -Wall -c -fmessage-length=0 -o "src\\Jashanjot1.o" "..\\src\\Jashanjot1.c" 
..\src\Jashanjot1.c: In function 'main':
..\src\Jashanjot1.c:8:2: warning: this 'while' clause does not guard... [-Wmisleading-indentation]
    8 |  while (i<=10);
      |  ^~~~~
..\src\Jashanjot1.c:9:2: note: ...this statement, but the latter is misleadingly indented as if it were guarded by the 'while'
    9 |  {
      |  ^
..\src\Jashanjot1.c:13:2: warning: implicit declaration of function 'print'; did you mean 'printf'? [-Wimplicit-function-declaration]
   13 |  print("Overtime pay = %d",pay);
      |  ^~~~~
      |  printf
gcc -o Jashanjot1.exe "src\\Jashanjot1.o" 
src\Jashanjot1.o: In function `main':
D:\c workspace\Jashanjot1\Debug/../src/Jashanjot1.c:13: undefined reference to `print'
collect2.exe: error: ld returned 1 exit status
21:41:06 **** Incremental Build of configuration Debug for project Jashanjot1 ****
Info: Internal Builder is used for build
gcc -O0 -g3 -Wall -c -fmessage-length=0 -o "src\\Jashanjot1.o" "..\\src\\Jashanjot1.c" 
..\src\Jashanjot1.c: In function 'main':
..\src\Jashanjot1.c:8:2: warning: this 'while' clause does not guard... [-Wmisleading-indentation]
    8 |  while (i<=10);
      |  ^~~~~
..\src\Jashanjot1.c:9:2: note: ...this statement, but the latter is misleadingly indented as if it were guarded by the 'while'
    9 |  {
      |  ^
gcc -o Jashanjot1.exe "src\\Jashanjot1.o" 
21:41:23 **** Incremental Build of configuration Debug for project Jashanjot1 ****
Info: Internal Builder is used for build
gcc -O0 -g3 -Wall -c -fmessage-length=0 -o "src\\Jashanjot1.o" "..\\src\\Jashanjot1.c" 
gcc -o Jashanjot1.exe "src\\Jashanjot1.o" 
21:42:01 **** Incremental Build of configuration Debug for project Jashanjot1 ****
Info: Internal Builder is used for build
gcc -O0 -g3 -Wall -c -fmessage-length=0 -o "src\\Jashanjot1.o" "..\\src\\Jashanjot1.c" 
gcc -o Jashanjot1.exe "src\\Jashanjot1.o" 
21:44:12 **** Incremental Build of configuration Debug for project Jashanjot1 ****
Info: Internal Builder is used for build
gcc -O0 -g3 -Wall -c -fmessage-length=0 -o "src\\Jashanjot1.o" "..\\src\\Jashanjot1.c" 
gcc -o Jashanjot1.exe "src\\Jashanjot1.o" 
21:44:18 **** Incremental Build of configuration Debug for project Jashanjot1 ****
Info: Internal Builder is used for build
gcc -O0 -g3 -Wall -c -fmessage-length=0 -o "src\\Jashanjot1.o" "..\\src\\Jashanjot1.c" 
gcc -o Jashanjot1.exe "src\\Jashanjot1.o" 
21:45:01 **** Incremental Build of configuration Debug for project Jashanjot1 ****
Info: Internal Builder is used for build
gcc -O0 -g3 -Wall -c -fmessage-length=0 -o "src\\Jashanjot1.o" "..\\src\\Jashanjot1.c" 
gcc -o Jashanjot1.exe "src\\Jashanjot1.o" 
21:54:01 **** Incremental Build of configuration Debug for project Jashanjot1 ****
Info: Internal Builder is used for build
gcc -O0 -g3 -Wall -c -fmessage-length=0 -o "src\\Jashanjot1.o" "..\\src\\Jashanjot1.c" 
..\src\Jashanjot1.c: In function 'main':
..\src\Jashanjot1.c:11:3: warning: this 'while' clause does not guard... [-Wmisleading-indentation]
   11 |   while(i>0);
      |   ^~~~~
..\src\Jashanjot1.c:12:3: note: ...this statement, but the latter is misleadingly indented as if it were guarded by the 'while'
   12 |   {int prod;
      |   ^
..\src\Jashanjot1.c:18:2: error: expected declaration or statement at end of input
   18 |  }
      |  ^
21:54:46 **** Incremental Build of configuration Debug for project Jashanjot1 ****
Info: Internal Builder is used for build
gcc -O0 -g3 -Wall -c -fmessage-length=0 -o "src\\Jashanjot1.o" "..\\src\\Jashanjot1.c" 
..\src\Jashanjot1.c: In function 'main':
..\src\Jashanjot1.c:11:3: warning: this 'while' clause does not guard... [-Wmisleading-indentation]
   11 |   while(i>0);
      |   ^~~~~
..\src\Jashanjot1.c:12:3: note: ...this statement, but the latter is misleadingly indented as if it were guarded by the 'while'
   12 |   {
      |   ^
gcc -o Jashanjot1.exe "src\\Jashanjot1.o" 
21:55:31 **** Incremental Build of configuration Debug for project Jashanjot1 ****
Info: Internal Builder is used for build
gcc -O0 -g3 -Wall -c -fmessage-length=0 -o "src\\Jashanjot1.o" "..\\src\\Jashanjot1.c" 
..\src\Jashanjot1.c: In function 'main':
..\src\Jashanjot1.c:11:3: warning: this 'while' clause does not guard... [-Wmisleading-indentation]
   11 |   while(i>0);
      |   ^~~~~
..\src\Jashanjot1.c:12:3: note: ...this statement, but the latter is misleadingly indented as if it were guarded by the 'while'
   12 |   {
      |   ^
gcc -o Jashanjot1.exe "src\\Jashanjot1.o" 
21:57:23 **** Incremental Build of configuration Debug for project Jashanjot1 ****
Info: Internal Builder is used for build
gcc -O0 -g3 -Wall -c -fmessage-length=0 -o "src\\Jashanjot1.o" "..\\src\\Jashanjot1.c" 
..\src\Jashanjot1.c: In function 'main':
..\src\Jashanjot1.c:11:3: warning: this 'while' clause does not guard... [-Wmisleading-indentation]
   11 |   while(i<num);
      |   ^~~~~
..\src\Jashanjot1.c:12:3: note: ...this statement, but the latter is misleadingly indented as if it were guarded by the 'while'
   12 |   {
      |   ^
gcc -o Jashanjot1.exe "src\\Jashanjot1.o" 
21:57:46 **** Incremental Build of configuration Debug for project Jashanjot1 ****
Info: Internal Builder is used for build
gcc -O0 -g3 -Wall -c -fmessage-length=0 -o "src\\Jashanjot1.o" "..\\src\\Jashanjot1.c" 
..\src\Jashanjot1.c: In function 'main':
..\src\Jashanjot1.c:10:3: warning: this 'while' clause does not guard... [-Wmisleading-indentation]
   10 |   while(i<num);
      |   ^~~~~
..\src\Jashanjot1.c:11:3: note: ...this statement, but the latter is misleadingly indented as if it were guarded by the 'while'
   11 |   {
      |   ^
gcc -o Jashanjot1.exe "src\\Jashanjot1.o" 
21:58:30 **** Incremental Build of configuration Debug for project Jashanjot1 ****
Info: Internal Builder is used for build
gcc -O0 -g3 -Wall -c -fmessage-length=0 -o "src\\Jashanjot1.o" "..\\src\\Jashanjot1.c" 
gcc -o Jashanjot1.exe "src\\Jashanjot1.o" 
22:01:32 **** Incremental Build of configuration Debug for project Jashanjot1 ****
Info: Internal Builder is used for build
gcc -O0 -g3 -Wall -c -fmessage-length=0 -o "src\\Jashanjot1.o" "..\\src\\Jashanjot1.c" 
..\src\Jashanjot1.c: In function 'main':
..\src\Jashanjot1.c:9:2: error: expected ',' or ';' before 'printf'
    9 |  printf("Enter the number:");
      |  ^~~~~~
..\src\Jashanjot1.c:14:29: error: 'prod' undeclared (first use in this function)
   14 |   printf("Factorial = %d\n",prod);
      |                             ^~~~
..\src\Jashanjot1.c:14:29: note: each undeclared identifier is reported only once for each function it appears in
22:01:40 **** Incremental Build of configuration Debug for project Jashanjot1 ****
Info: Internal Builder is used for build
gcc -O0 -g3 -Wall -c -fmessage-length=0 -o "src\\Jashanjot1.o" "..\\src\\Jashanjot1.c" 
..\src\Jashanjot1.c: In function 'main':
..\src\Jashanjot1.c:14:29: error: 'prod' undeclared (first use in this function)
   14 |   printf("Factorial = %d\n",prod);
      |                             ^~~~
..\src\Jashanjot1.c:14:29: note: each undeclared identifier is reported only once for each function it appears in
22:02:01 **** Incremental Build of configuration Debug for project Jashanjot1 ****
Info: Internal Builder is used for build
gcc -O0 -g3 -Wall -c -fmessage-length=0 -o "src\\Jashanjot1.o" "..\\src\\Jashanjot1.c" 
gcc -o Jashanjot1.exe "src\\Jashanjot1.o" 
22:02:22 **** Incremental Build of configuration Debug for project Jashanjot1 ****
Info: Internal Builder is used for build
gcc -O0 -g3 -Wall -c -fmessage-length=0 -o "src\\Jashanjot1.o" "..\\src\\Jashanjot1.c" 
..\src\Jashanjot1.c: In function 'main':
..\src\Jashanjot1.c:14:10: warning: too many arguments for format [-Wformat-extra-args]
   14 |   printf("Factorial = %d\n",f,num);
      |          ^~~~~~~~~~~~~~~~~~
..\src\Jashanjot1.c:14:10: warning: too many arguments for format [-Wformat-extra-args]
gcc -o Jashanjot1.exe "src\\Jashanjot1.o" 
22:03:15 **** Incremental Build of configuration Debug for project Jashanjot1 ****
Info: Internal Builder is used for build
gcc -O0 -g3 -Wall -c -fmessage-length=0 -o "src\\Jashanjot1.o" "..\\src\\Jashanjot1.c" 
..\src\Jashanjot1.c: In function 'main':
..\src\Jashanjot1.c:16:9: warning: too many arguments for format [-Wformat-extra-args]
   16 |  printf("Factorial = %d\n",f,num);
      |         ^~~~~~~~~~~~~~~~~~
..\src\Jashanjot1.c:16:9: warning: too many arguments for format [-Wformat-extra-args]
gcc -o Jashanjot1.exe "src\\Jashanjot1.o" 
22:08:50 **** Incremental Build of configuration Debug for project Jashanjot1 ****
Info: Internal Builder is used for build
gcc -O0 -g3 -Wall -c -fmessage-length=0 -o "src\\Jashanjot1.o" "..\\src\\Jashanjot1.c" 
..\src\Jashanjot1.c: In function 'main':
..\src\Jashanjot1.c:9:26: warning: format '%d' expects a matching 'int' argument [-Wformat=]
    9 |   printf("ASII value of %d is %c");
      |                         ~^
      |                          |
      |                          int
..\src\Jashanjot1.c:9:32: warning: format '%c' expects a matching 'int' argument [-Wformat=]
    9 |   printf("ASII value of %d is %c");
      |                               ~^
      |                                |
      |                                int
..\src\Jashanjot1.c:9:26: warning: format '%d' expects a matching 'int' argument [-Wformat=]
    9 |   printf("ASII value of %d is %c");
      |                         ~^
      |                          |
      |                          int
..\src\Jashanjot1.c:9:32: warning: format '%c' expects a matching 'int' argument [-Wformat=]
    9 |   printf("ASII value of %d is %c");
      |                               ~^
      |                                |
      |                                int
gcc -o Jashanjot1.exe "src\\Jashanjot1.o" 
22:09:14 **** Incremental Build of configuration Debug for project Jashanjot1 ****
Info: Internal Builder is used for build
gcc -O0 -g3 -Wall -c -fmessage-length=0 -o "src\\Jashanjot1.o" "..\\src\\Jashanjot1.c" 
..\src\Jashanjot1.c: In function 'main':
..\src\Jashanjot1.c:9:32: warning: format '%c' expects a matching 'int' argument [-Wformat=]
    9 |   printf("ASII value of %d is %c",i);
      |                               ~^
      |                                |
      |                                int
..\src\Jashanjot1.c:9:32: warning: format '%c' expects a matching 'int' argument [-Wformat=]
gcc -o Jashanjot1.exe "src\\Jashanjot1.o" 
22:11:29 **** Incremental Build of configuration Debug for project Jashanjot1 ****
Info: Internal Builder is used for build
gcc -O0 -g3 -Wall -c -fmessage-length=0 -o "src\\Jashanjot1.o" "..\\src\\Jashanjot1.c" 
..\src\Jashanjot1.c: In function 'main':
..\src\Jashanjot1.c:9:10: warning: missing terminating " character
    9 |   printf("ASII value of %d is '%c',i,c);
      |          ^
..\src\Jashanjot1.c:9:10: error: missing terminating " character
    9 |   printf("ASII value of %d is '%c',i,c);
      |          ^~~~~~~~~~~~~~~~~~~~~~~~~~~~~~~
..\src\Jashanjot1.c:10:6: error: expected ')' before ';' token
   10 |   i++;
      |      ^
      |      )
..\src\Jashanjot1.c:10:4: warning: passing argument 1 of 'printf' makes pointer from integer without a cast [-Wint-conversion]
   10 |   i++;
      |   ~^~
      |    |
      |    int
In file included from ..\src\Jashanjot1.c:1:
c:\mingw\x86_64-w64-mingw32\include\stdio.h:380:48: note: expected 'const char * restrict' but argument is of type 'int'
  380 |   int __cdecl printf(const char * __restrict__ _Format,...);
      |                      ~~~~~~~~~~~~~~~~~~~~~~~~~~^~~~~~~
..\src\Jashanjot1.c:10:7: error: expected ';' before '}' token
   10 |   i++;
      |       ^
      |       ;
   11 |  }
      |  ~     
..\src\Jashanjot1.c:6:11: warning: unused variable 'c' [-Wunused-variable]
    6 |      char c;
      |           ^
22:11:49 **** Incremental Build of configuration Debug for project Jashanjot1 ****
Info: Internal Builder is used for build
gcc -O0 -g3 -Wall -c -fmessage-length=0 -o "src\\Jashanjot1.o" "..\\src\\Jashanjot1.c" 
..\src\Jashanjot1.c: In function 'main':
..\src\Jashanjot1.c:8:26: warning: format '%d' expects a matching 'int' argument [-Wformat=]
    8 |   printf("ASII value of %d is '%c'");
      |                         ~^
      |                          |
      |                          int
..\src\Jashanjot1.c:8:33: warning: format '%c' expects a matching 'int' argument [-Wformat=]
    8 |   printf("ASII value of %d is '%c'");
      |                                ~^
      |                                 |
      |                                 int
..\src\Jashanjot1.c:8:26: warning: format '%d' expects a matching 'int' argument [-Wformat=]
    8 |   printf("ASII value of %d is '%c'");
      |                         ~^
      |                          |
      |                          int
..\src\Jashanjot1.c:8:33: warning: format '%c' expects a matching 'int' argument [-Wformat=]
    8 |   printf("ASII value of %d is '%c'");
      |                                ~^
      |                                 |
      |                                 int
gcc -o Jashanjot1.exe "src\\Jashanjot1.o" 
22:13:05 **** Incremental Build of configuration Debug for project Jashanjot1 ****
Info: Internal Builder is used for build
gcc -O0 -g3 -Wall -c -fmessage-length=0 -o "src\\Jashanjot1.o" "..\\src\\Jashanjot1.c" 
..\src\Jashanjot1.c: In function 'main':
..\src\Jashanjot1.c:6:1: warning: implicit declaration of function 'clrscr' [-Wimplicit-function-declaration]
    6 | clrscr();
      | ^~~~~~
gcc -o Jashanjot1.exe "src\\Jashanjot1.o" 
src\Jashanjot1.o: In function `main':
D:\c workspace\Jashanjot1\Debug/../src/Jashanjot1.c:6: undefined reference to `clrscr'
collect2.exe: error: ld returned 1 exit status
22:13:19 **** Incremental Build of configuration Debug for project Jashanjot1 ****
Info: Internal Builder is used for build
gcc -O0 -g3 -Wall -c -fmessage-length=0 -o "src\\Jashanjot1.o" "..\\src\\Jashanjot1.c" 
gcc -o Jashanjot1.exe "src\\Jashanjot1.o" 
22:23:54 **** Incremental Build of configuration Debug for project Jashanjot1 ****
Info: Internal Builder is used for build
gcc -O0 -g3 -Wall -c -fmessage-length=0 -o "src\\Jashanjot1.o" "..\\src\\Jashanjot1.c" 
..\src\Jashanjot1.c: In function 'main':
..\src\Jashanjot1.c:7:6: warning: unused variable 'arm' [-Wunused-variable]
    7 |  int arm;
      |      ^~~
gcc -o Jashanjot1.exe "src\\Jashanjot1.o" 
22:24:35 **** Incremental Build of configuration Debug for project Jashanjot1 ****
Info: Internal Builder is used for build
gcc -O0 -g3 -Wall -c -fmessage-length=0 -o "src\\Jashanjot1.o" "..\\src\\Jashanjot1.c" 
gcc -o Jashanjot1.exe "src\\Jashanjot1.o" 
22:27:06 **** Incremental Build of configuration Debug for project Jashanjot1 ****
Info: Internal Builder is used for build
gcc -O0 -g3 -Wall -c -fmessage-length=0 -o "src\\Jashanjot1.o" "..\\src\\Jashanjot1.c" 
gcc -o Jashanjot1.exe "src\\Jashanjot1.o" 
22:52:54 **** Incremental Build of configuration Debug for project Jashanjot1 ****
Info: Internal Builder is used for build
gcc -O0 -g3 -Wall -c -fmessage-length=0 -o "src\\Jashanjot1.o" "..\\src\\Jashanjot1.c" 
..\src\Jashanjot1.c: In function 'main':
..\src\Jashanjot1.c:7:1: error: expected declaration specifiers before 'for'
    7 | for(num=1;num<=300;num++);
      | ^~~
..\src\Jashanjot1.c:7:11: error: expected declaration specifiers before 'num'
    7 | for(num=1;num<=300;num++);
      |           ^~~
..\src\Jashanjot1.c:7:20: error: expected declaration specifiers before 'num'
    7 | for(num=1;num<=300;num++);
      |                    ^~~
..\src\Jashanjot1.c:5:11: error: declaration for parameter 'count' but no such parameter
    5 | int num,i,count;
      |           ^~~~~
..\src\Jashanjot1.c:5:9: error: declaration for parameter 'i' but no such parameter
    5 | int num,i,count;
      |         ^
..\src\Jashanjot1.c:5:5: error: declaration for parameter 'num' but no such parameter
    5 | int num,i,count;
      |     ^~~
..\src\Jashanjot1.c:12:2: warning: this 'if' clause does not guard... [-Wmisleading-indentation]
   12 |  if(num%i==0);
      |  ^~
..\src\Jashanjot1.c:13:2: note: ...this statement, but the latter is misleadingly indented as if it were guarded by the 'if'
   13 |  {
      |  ^
..\src\Jashanjot1.c:14:9: error: expected ';' before 'break'
   14 |  count++
      |         ^
      |         ;
   15 |  break;
      |  ~~~~~   
..\src\Jashanjot1.c:23:1: error: expected declaration or statement at end of input
   23 | }
      | ^
22:53:28 **** Incremental Build of configuration Debug for project Jashanjot1 ****
Info: Internal Builder is used for build
gcc -O0 -g3 -Wall -c -fmessage-length=0 -o "src\\Jashanjot1.o" "..\\src\\Jashanjot1.c" 
..\src\Jashanjot1.c: In function 'main':
..\src\Jashanjot1.c:7:1: error: expected declaration specifiers before 'for'
    7 | for(num=1;num<=300;num++)
      | ^~~
..\src\Jashanjot1.c:7:11: error: expected declaration specifiers before 'num'
    7 | for(num=1;num<=300;num++)
      |           ^~~
..\src\Jashanjot1.c:7:20: error: expected declaration specifiers before 'num'
    7 | for(num=1;num<=300;num++)
      |                    ^~~
..\src\Jashanjot1.c:5:11: error: declaration for parameter 'count' but no such parameter
    5 | int num,i,count;
      |           ^~~~~
..\src\Jashanjot1.c:5:9: error: declaration for parameter 'i' but no such parameter
    5 | int num,i,count;
      |         ^
..\src\Jashanjot1.c:5:5: error: declaration for parameter 'num' but no such parameter
    5 | int num,i,count;
      |     ^~~
..\src\Jashanjot1.c:23: error: expected '{' at end of input
   23 | }
      | 
22:54:47 **** Incremental Build of configuration Debug for project Jashanjot1 ****
Info: Internal Builder is used for build
gcc -O0 -g3 -Wall -c -fmessage-length=0 -o "src\\Jashanjot1.o" "..\\src\\Jashanjot1.c" 
gcc -o Jashanjot1.exe "src\\Jashanjot1.o" 
23:03:34 **** Incremental Build of configuration Debug for project Jashanjot1 ****
Info: Internal Builder is used for build
gcc -O0 -g3 -Wall -c -fmessage-length=0 -o "src\\Jashanjot1.o" "..\\src\\Jashanjot1.c" 
..\src\Jashanjot1.c: In function 'main':
..\src\Jashanjot1.c:5:9: error: 'stdobt' undeclared (first use in this function); did you mean 'stdout'?
    5 |  setbuf(stdobt ,NULL);
      |         ^~~~~~
      |         stdout
..\src\Jashanjot1.c:5:9: note: each undeclared identifier is reported only once for each function it appears in
..\src\Jashanjot1.c:12:3: warning: this 'for' clause does not guard... [-Wmisleading-indentation]
   12 |   for(i=1;i<num;i++);
      |   ^~~
..\src\Jashanjot1.c:13:3: note: ...this statement, but the latter is misleadingly indented as if it were guarded by the 'for'
   13 |   {
      |   ^
..\src\Jashanjot1.c:18:1: warning: this 'if' clause does not guard... [-Wmisleading-indentation]
   18 | if(num%i!=0 && count==0);
      | ^~
..\src\Jashanjot1.c:19:1: note: ...this statement, but the latter is misleadingly indented as if it were guarded by the 'if'
   19 | {
      | ^
23:03:54 **** Incremental Build of configuration Debug for project Jashanjot1 ****
Info: Internal Builder is used for build
gcc -O0 -g3 -Wall -c -fmessage-length=0 -o "src\\Jashanjot1.o" "..\\src\\Jashanjot1.c" 
..\src\Jashanjot1.c: In function 'main':
..\src\Jashanjot1.c:5:9: error: 'stdobt' undeclared (first use in this function); did you mean 'stdout'?
    5 |  setbuf(stdobt ,NULL);
      |         ^~~~~~
      |         stdout
..\src\Jashanjot1.c:5:9: note: each undeclared identifier is reported only once for each function it appears in
23:04:05 **** Incremental Build of configuration Debug for project Jashanjot1 ****
Info: Internal Builder is used for build
gcc -O0 -g3 -Wall -c -fmessage-length=0 -o "src\\Jashanjot1.o" "..\\src\\Jashanjot1.c" 
gcc -o Jashanjot1.exe "src\\Jashanjot1.o" 
Info: Nothing to build for Jashanjot1
Info: Nothing to build for Jashanjot1
Info: Nothing to build for Jashanjot1
Info: Nothing to build for Jashanjot1
Info: Nothing to build for Jashanjot1
23:07:24 **** Incremental Build of configuration Debug for project Jashanjot1 ****
Info: Internal Builder is used for build
gcc -O0 -g3 -Wall -c -fmessage-length=0 -o "src\\Jashanjot1.o" "..\\src\\Jashanjot1.c" 
gcc -o Jashanjot1.exe "src\\Jashanjot1.o" 
23:11:13 **** Incremental Build of configuration Debug for project Jashanjot1 ****
Info: Internal Builder is used for build
gcc -O0 -g3 -Wall -c -fmessage-length=0 -o "src\\Jashanjot1.o" "..\\src\\Jashanjot1.c" 
gcc -o Jashanjot1.exe "src\\Jashanjot1.o" 
Info: Nothing to build for Jashanjot1
Info: Nothing to build for Jashanjot1
Info: Nothing to build for Jashanjot1
Info: Nothing to build for Jashanjot1
Info: Nothing to build for Jashanjot1
23:15:37 **** Incremental Build of configuration Debug for project Jashanjot1 ****
Info: Internal Builder is used for build
gcc -O0 -g3 -Wall -c -fmessage-length=0 -o "src\\Jashanjot1.o" "..\\src\\Jashanjot1.c" 
gcc -o Jashanjot1.exe "src\\Jashanjot1.o" 
23:16:05 **** Incremental Build of configuration Debug for project Jashanjot1 ****
Info: Internal Builder is used for build
gcc -O0 -g3 -Wall -c -fmessage-length=0 -o "src\\Jashanjot1.o" "..\\src\\Jashanjot1.c" 
gcc -o Jashanjot1.exe "src\\Jashanjot1.o" 
23:19:59 **** Incremental Build of configuration Debug for project Jashanjot1 ****
Info: Internal Builder is used for build
gcc -O0 -g3 -Wall -c -fmessage-length=0 -o "src\\Jashanjot1.o" "..\\src\\Jashanjot1.c" 
..\src\Jashanjot1.c: In function 'main':
..\src\Jashanjot1.c:10:1: error: expected declaration or statement at end of input
   10 | }
      | ^
23:20:07 **** Incremental Build of configuration Debug for project Jashanjot1 ****
Info: Internal Builder is used for build
gcc -O0 -g3 -Wall -c -fmessage-length=0 -o "src\\Jashanjot1.o" "..\\src\\Jashanjot1.c" 
gcc -o Jashanjot1.exe "src\\Jashanjot1.o" 
23:22:01 **** Incremental Build of configuration Debug for project Jashanjot1 ****
Info: Internal Builder is used for build
gcc -O0 -g3 -Wall -c -fmessage-length=0 -o "src\\Jashanjot1.o" "..\\src\\Jashanjot1.c" 
gcc -o Jashanjot1.exe "src\\Jashanjot1.o" 
23:31:39 **** Incremental Build of configuration Debug for project Jashanjot1 ****
Info: Internal Builder is used for build
gcc -O0 -g3 -Wall -c -fmessage-length=0 -o "src\\Jashanjot1.o" "..\\src\\Jashanjot1.c" 
..\src\Jashanjot1.c: In function 'main':
..\src\Jashanjot1.c:13:1: warning: implicit declaration of function 'prinf'; did you mean 'printf'? [-Wimplicit-function-declaration]
   13 | prinf("sum= %f",add);
      | ^~~~~
      | printf
gcc -o Jashanjot1.exe "src\\Jashanjot1.o" 
src\Jashanjot1.o: In function `main':
D:\c workspace\Jashanjot1\Debug/../src/Jashanjot1.c:13: undefined reference to `prinf'
collect2.exe: error: ld returned 1 exit status
23:31:48 **** Incremental Build of configuration Debug for project Jashanjot1 ****
Info: Internal Builder is used for build
gcc -O0 -g3 -Wall -c -fmessage-length=0 -o "src\\Jashanjot1.o" "..\\src\\Jashanjot1.c" 
gcc -o Jashanjot1.exe "src\\Jashanjot1.o" 
23:32:15 **** Incremental Build of configuration Debug for project Jashanjot1 ****
Info: Internal Builder is used for build
gcc -O0 -g3 -Wall -c -fmessage-length=0 -o "src\\Jashanjot1.o" "..\\src\\Jashanjot1.c" 
gcc -o Jashanjot1.exe "src\\Jashanjot1.o" 
23:35:52 **** Incremental Build of configuration Debug for project Jashanjot1 ****
Info: Internal Builder is used for build
gcc -O0 -g3 -Wall -c -fmessage-length=0 -o "src\\Jashanjot1.o" "..\\src\\Jashanjot1.c" 
gcc -o Jashanjot1.exe "src\\Jashanjot1.o" 
23:36:05 **** Incremental Build of configuration Debug for project Jashanjot1 ****
Info: Internal Builder is used for build
gcc -O0 -g3 -Wall -c -fmessage-length=0 -o "src\\Jashanjot1.o" "..\\src\\Jashanjot1.c" 
gcc -o Jashanjot1.exe "src\\Jashanjot1.o" 
23:39:04 **** Incremental Build of configuration Debug for project Jashanjot1 ****
Info: Internal Builder is used for build
gcc -O0 -g3 -Wall -c -fmessage-length=0 -o "src\\Jashanjot1.o" "..\\src\\Jashanjot1.c" 
..\src\Jashanjot1.c: In function 'main':
..\src\Jashanjot1.c:17:17: warning: format '%f' expects a matching 'double' argument [-Wformat=]
   17 |  printf("Sum = %f");
      |                ~^
      |                 |
      |                 double
..\src\Jashanjot1.c:17:17: warning: format '%f' expects a matching 'double' argument [-Wformat=]
..\src\Jashanjot1.c:11:2: warning: 'num' may be used uninitialized in this function [-Wmaybe-uninitialized]
   11 |  for(i=1;i<=num;i++)
      |  ^~~
gcc -o Jashanjot1.exe "src\\Jashanjot1.o" 
23:39:29 **** Incremental Build of configuration Debug for project Jashanjot1 ****
Info: Internal Builder is used for build
gcc -O0 -g3 -Wall -c -fmessage-length=0 -o "src\\Jashanjot1.o" "..\\src\\Jashanjot1.c" 
..\src\Jashanjot1.c: In function 'main':
..\src\Jashanjot1.c:18:17: warning: format '%f' expects a matching 'double' argument [-Wformat=]
   18 |  printf("Sum = %f");
      |                ~^
      |                 |
      |                 double
..\src\Jashanjot1.c:18:17: warning: format '%f' expects a matching 'double' argument [-Wformat=]
gcc -o Jashanjot1.exe "src\\Jashanjot1.o" 
23:40:08 **** Incremental Build of configuration Debug for project Jashanjot1 ****
Info: Internal Builder is used for build
gcc -O0 -g3 -Wall -c -fmessage-length=0 -o "src\\Jashanjot1.o" "..\\src\\Jashanjot1.c" 
..\src\Jashanjot1.c: In function 'main':
..\src\Jashanjot1.c:18:17: warning: format '%f' expects a matching 'double' argument [-Wformat=]
   18 |  printf("Sum = %f");
      |                ~^
      |                 |
      |                 double
..\src\Jashanjot1.c:18:17: warning: format '%f' expects a matching 'double' argument [-Wformat=]
gcc -o Jashanjot1.exe "src\\Jashanjot1.o" 
23:40:22 **** Incremental Build of configuration Debug for project Jashanjot1 ****
Info: Internal Builder is used for build
gcc -O0 -g3 -Wall -c -fmessage-length=0 -o "src\\Jashanjot1.o" "..\\src\\Jashanjot1.c" 
..\src\Jashanjot1.c: In function 'main':
..\src\Jashanjot1.c:18:17: warning: format '%f' expects a matching 'double' argument [-Wformat=]
   18 |  printf("Sum = %f");
      |                ~^
      |                 |
      |                 double
..\src\Jashanjot1.c:18:17: warning: format '%f' expects a matching 'double' argument [-Wformat=]
gcc -o Jashanjot1.exe "src\\Jashanjot1.o" 
Info: Nothing to build for Jashanjot1
23:40:57 **** Incremental Build of configuration Debug for project Jashanjot1 ****
Info: Internal Builder is used for build
gcc -O0 -g3 -Wall -c -fmessage-length=0 -o "src\\Jashanjot1.o" "..\\src\\Jashanjot1.c" 
..\src\Jashanjot1.c: In function 'main':
..\src\Jashanjot1.c:19:17: warning: format '%f' expects a matching 'double' argument [-Wformat=]
   19 |  printf("Sum = %f");
      |                ~^
      |                 |
      |                 double
..\src\Jashanjot1.c:19:17: warning: format '%f' expects a matching 'double' argument [-Wformat=]
gcc -o Jashanjot1.exe "src\\Jashanjot1.o" 
23:41:20 **** Incremental Build of configuration Debug for project Jashanjot1 ****
Info: Internal Builder is used for build
gcc -O0 -g3 -Wall -c -fmessage-length=0 -o "src\\Jashanjot1.o" "..\\src\\Jashanjot1.c" 
..\src\Jashanjot1.c: In function 'main':
..\src\Jashanjot1.c:19:17: warning: format '%f' expects a matching 'double' argument [-Wformat=]
   19 |  printf("Sum = %f");
      |                ~^
      |                 |
      |                 double
..\src\Jashanjot1.c:19:17: warning: format '%f' expects a matching 'double' argument [-Wformat=]
gcc -o Jashanjot1.exe "src\\Jashanjot1.o" 
23:41:47 **** Incremental Build of configuration Debug for project Jashanjot1 ****
Info: Internal Builder is used for build
gcc -O0 -g3 -Wall -c -fmessage-length=0 -o "src\\Jashanjot1.o" "..\\src\\Jashanjot1.c" 
gcc -o Jashanjot1.exe "src\\Jashanjot1.o" 
23:42:17 **** Incremental Build of configuration Debug for project Jashanjot1 ****
Info: Internal Builder is used for build
gcc -O0 -g3 -Wall -c -fmessage-length=0 -o "src\\Jashanjot1.o" "..\\src\\Jashanjot1.c" 
gcc -o Jashanjot1.exe "src\\Jashanjot1.o" 
23:42:34 **** Incremental Build of configuration Debug for project Jashanjot1 ****
Info: Internal Builder is used for build
gcc -O0 -g3 -Wall -c -fmessage-length=0 -o "src\\Jashanjot1.o" "..\\src\\Jashanjot1.c" 
gcc -o Jashanjot1.exe "src\\Jashanjot1.o" 
09:50:21 **** Incremental Build of configuration Debug for project Jashanjot1 ****
Info: Internal Builder is used for build
gcc -O0 -g3 -Wall -c -fmessage-length=0 -o "src\\Jashanjot1.o" "..\\src\\Jashanjot1.c" 
..\src\Jashanjot1.c:13:3: error: stray '\342' in program
   13 |  }
      |   ^
..\src\Jashanjot1.c:13:4: error: stray '\200' in program
   13 |  }
      |    ^
..\src\Jashanjot1.c:13:5: error: stray '\213' in program
   13 |  }
      |     ^
09:50:47 **** Incremental Build of configuration Debug for project Jashanjot1 ****
Info: Internal Builder is used for build
gcc -O0 -g3 -Wall -c -fmessage-length=0 -o "src\\Jashanjot1.o" "..\\src\\Jashanjot1.c" 
..\src\Jashanjot1.c:13:2: error: stray '\342' in program
   13 | }
      |  ^
..\src\Jashanjot1.c:13:3: error: stray '\200' in program
   13 | }
      |   ^
..\src\Jashanjot1.c:13:4: error: stray '\213' in program
   13 | }
      |    ^
10:54:50 **** Incremental Build of configuration Debug for project Jashanjot1 ****
Info: Internal Builder is used for build
gcc -O0 -g3 -Wall -c -fmessage-length=0 -o "src\\Jashanjot1.o" "..\\src\\Jashanjot1.c" 
..\src\Jashanjot1.c: In function 'main':
..\src\Jashanjot1.c:7:27: warning: statement with no effect [-Wunused-value]
    7 |  for(a=1,d=a+1,b=d+2;a+2;a<5;d++)
      |                          ~^~
..\src\Jashanjot1.c:7:29: error: expected ')' before ';' token
    7 |  for(a=1,d=a+1,b=d+2;a+2;a<5;d++)
      |     ~                       ^
      |                             )
..\src\Jashanjot1.c:11:3: error: stray '\342' in program
   11 |   
      |   ^
..\src\Jashanjot1.c:11:4: error: stray '\200' in program
   11 |   
      |    ^
..\src\Jashanjot1.c:11:5: error: stray '\213' in program
   11 |   
      |     ^
..\src\Jashanjot1.c:6:12: warning: variable 'b' set but not used [-Wunused-but-set-variable]
    6 |  int d,a=1,b=2;
      |            ^
03:01:56 **** Rebuild of configuration Debug for project Jashanjot1 ****
Info: Internal Builder is used for build
gcc -O0 -g3 -Wall -c -fmessage-length=0 -o "src\\Jashanjot1.o" "..\\src\\Jashanjot1.c" 
..\src\Jashanjot1.c: In function 'main':
..\src\Jashanjot1.c:16:3: error: expected '}' before 'else'
   16 |   else
      |   ^~~~
03:02:23 **** Incremental Build of configuration Debug for project Jashanjot1 ****
Info: Internal Builder is used for build
gcc -O0 -g3 -Wall -c -fmessage-length=0 -o "src\\Jashanjot1.o" "..\\src\\Jashanjot1.c" 
gcc -o Jashanjot1.exe "src\\Jashanjot1.o" 
03:03:30 **** Incremental Build of configuration Debug for project Jashanjot1 ****
Info: Internal Builder is used for build
gcc -O0 -g3 -Wall -c -fmessage-length=0 -o "src\\Jashanjot1.o" "..\\src\\Jashanjot1.c" 
..\src\Jashanjot1.c: In function 'main':
..\src\Jashanjot1.c:15:31: warning: format '%d' expects a matching 'int' argument [-Wformat=]
   15 |   printf("This is a prime no %d/n");
      |                              ~^
      |                               |
      |                               int
..\src\Jashanjot1.c:15:31: warning: format '%d' expects a matching 'int' argument [-Wformat=]
gcc -o Jashanjot1.exe "src\\Jashanjot1.o" 
03:04:24 **** Incremental Build of configuration Debug for project Jashanjot1 ****
Info: Internal Builder is used for build
gcc -O0 -g3 -Wall -c -fmessage-length=0 -o "src\\Jashanjot1.o" "..\\src\\Jashanjot1.c" 
gcc -o Jashanjot1.exe "src\\Jashanjot1.o" 
Info: Nothing to build for Jashanjot1
03:05:13 **** Incremental Build of configuration Debug for project Jashanjot1 ****
Info: Internal Builder is used for build
gcc -O0 -g3 -Wall -c -fmessage-length=0 -o "src\\Jashanjot1.o" "..\\src\\Jashanjot1.c" 
gcc -o Jashanjot1.exe "src\\Jashanjot1.o" 
03:05:36 **** Incremental Build of configuration Debug for project Jashanjot1 ****
Info: Internal Builder is used for build
gcc -O0 -g3 -Wall -c -fmessage-length=0 -o "src\\Jashanjot1.o" "..\\src\\Jashanjot1.c" 
gcc -o Jashanjot1.exe "src\\Jashanjot1.o" 
Info: Nothing to build for Jashanjot1
03:05:54 **** Incremental Build of configuration Debug for project Jashanjot1 ****
Info: Internal Builder is used for build
gcc -O0 -g3 -Wall -c -fmessage-length=0 -o "src\\Jashanjot1.o" "..\\src\\Jashanjot1.c" 
..\src\Jashanjot1.c: In function 'main':
..\src\Jashanjot1.c:8:28: error: stray '\' in program
    8 | printf("Enter the prime no"\n);
      |                            ^
..\src\Jashanjot1.c:8:28: error: expected ')' before 'n'
    8 | printf("Enter the prime no"\n);
      |                            ^~
      |                            )
03:06:13 **** Incremental Build of configuration Debug for project Jashanjot1 ****
Info: Internal Builder is used for build
gcc -O0 -g3 -Wall -c -fmessage-length=0 -o "src\\Jashanjot1.o" "..\\src\\Jashanjot1.c" 
..\src\Jashanjot1.c: In function 'main':
..\src\Jashanjot1.c:8:29: error: 'n' undeclared (first use in this function)
    8 | printf("Enter the prime no"/n);
      |                             ^
..\src\Jashanjot1.c:8:29: note: each undeclared identifier is reported only once for each function it appears in
03:06:29 **** Incremental Build of configuration Debug for project Jashanjot1 ****
Info: Internal Builder is used for build
gcc -O0 -g3 -Wall -c -fmessage-length=0 -o "src\\Jashanjot1.o" "..\\src\\Jashanjot1.c" 
..\src\Jashanjot1.c: In function 'main':
..\src\Jashanjot1.c:18:32: error: 'n' undeclared (first use in this function)
   18 |    printf("This is a prime no"/n);
      |                                ^
..\src\Jashanjot1.c:18:32: note: each undeclared identifier is reported only once for each function it appears in
03:06:41 **** Incremental Build of configuration Debug for project Jashanjot1 ****
Info: Internal Builder is used for build
gcc -O0 -g3 -Wall -c -fmessage-length=0 -o "src\\Jashanjot1.o" "..\\src\\Jashanjot1.c" 
..\src\Jashanjot1.c: In function 'main':
..\src\Jashanjot1.c:18:31: error: stray '\' in program
   18 |    printf("This is a prime no"\n);
      |                               ^
..\src\Jashanjot1.c:18:31: error: expected ')' before 'n'
   18 |    printf("This is a prime no"\n);
      |                               ^~
      |                               )
03:06:47 **** Incremental Build of configuration Debug for project Jashanjot1 ****
Info: Internal Builder is used for build
gcc -O0 -g3 -Wall -c -fmessage-length=0 -o "src\\Jashanjot1.o" "..\\src\\Jashanjot1.c" 
..\src\Jashanjot1.c: In function 'main':
..\src\Jashanjot1.c:18:31: error: stray '\' in program
   18 |    printf("This is a prime no"\n);
      |                               ^
..\src\Jashanjot1.c:18:31: error: expected ')' before 'n'
   18 |    printf("This is a prime no"\n);
      |                               ^~
      |                               )
03:08:47 **** Incremental Build of configuration Debug for project Jashanjot1 ****
Info: Internal Builder is used for build
gcc -O0 -g3 -Wall -c -fmessage-length=0 -o "src\\Jashanjot1.o" "..\\src\\Jashanjot1.c" 
..\src\Jashanjot1.c: In function 'main':
..\src\Jashanjot1.c:18:32: error: 'n' undeclared (first use in this function)
   18 |    printf("This is a prime no"/n);
      |                                ^
..\src\Jashanjot1.c:18:32: note: each undeclared identifier is reported only once for each function it appears in
03:08:58 **** Incremental Build of configuration Debug for project Jashanjot1 ****
Info: Internal Builder is used for build
gcc -O0 -g3 -Wall -c -fmessage-length=0 -o "src\\Jashanjot1.o" "..\\src\\Jashanjot1.c" 
..\src\Jashanjot1.c: In function 'main':
..\src\Jashanjot1.c:18:31: error: stray '\' in program
   18 |    printf("This is a prime no"\n);
      |                               ^
..\src\Jashanjot1.c:18:31: error: expected ')' before 'n'
   18 |    printf("This is a prime no"\n);
      |                               ^~
      |                               )
03:09:01 **** Incremental Build of configuration Debug for project Jashanjot1 ****
Info: Internal Builder is used for build
gcc -O0 -g3 -Wall -c -fmessage-length=0 -o "src\\Jashanjot1.o" "..\\src\\Jashanjot1.c" 
..\src\Jashanjot1.c: In function 'main':
..\src\Jashanjot1.c:18:31: error: stray '\' in program
   18 |    printf("This is a prime no"\n);
      |                               ^
..\src\Jashanjot1.c:18:31: error: expected ')' before 'n'
   18 |    printf("This is a prime no"\n);
      |                               ^~
      |                               )
22:17:54 **** Incremental Build of configuration Debug for project Jashanjot1 ****
Info: Internal Builder is used for build
gcc -O0 -g3 -Wall -c -fmessage-length=0 -o "src\\Jashanjot1.o" "..\\src\\Jashanjot1.c" 
..\src\Jashanjot1.c: In function 'main':
..\src\Jashanjot1.c:23:2: error: expected declaration or statement at end of input
   23 |  }
      |  ^
22:18:10 **** Incremental Build of configuration Debug for project Jashanjot1 ****
Info: Internal Builder is used for build
gcc -O0 -g3 -Wall -c -fmessage-length=0 -o "src\\Jashanjot1.o" "..\\src\\Jashanjot1.c" 
..\src\Jashanjot1.c: In function 'main':
..\src\Jashanjot1.c:9:2: warning: 'num' is used uninitialized in this function [-Wuninitialized]
    9 |  for(i=1;i<num;i++)
      |  ^~~
gcc -o Jashanjot1.exe "src\\Jashanjot1.o" 
Info: Nothing to build for Jashanjot1
Info: Nothing to build for Jashanjot1
22:19:11 **** Incremental Build of configuration Debug for project Jashanjot1 ****
Info: Internal Builder is used for build
gcc -O0 -g3 -Wall -c -fmessage-length=0 -o "src\\Jashanjot1.o" "..\\src\\Jashanjot1.c" 
gcc -o Jashanjot1.exe "src\\Jashanjot1.o" 
22:19:26 **** Incremental Build of configuration Debug for project Jashanjot1 ****
Info: Internal Builder is used for build
gcc -O0 -g3 -Wall -c -fmessage-length=0 -o "src\\Jashanjot1.o" "..\\src\\Jashanjot1.c" 
gcc -o Jashanjot1.exe "src\\Jashanjot1.o" 
Info: Nothing to build for Jashanjot1
22:20:04 **** Incremental Build of configuration Debug for project Jashanjot1 ****
Info: Internal Builder is used for build
gcc -O0 -g3 -Wall -c -fmessage-length=0 -o "src\\Jashanjot1.o" "..\\src\\Jashanjot1.c" 
gcc -o Jashanjot1.exe "src\\Jashanjot1.o" 
Info: Nothing to build for Jashanjot1
Info: Nothing to build for Jashanjot1
Info: Nothing to build for Jashanjot1
22:25:27 **** Incremental Build of configuration Debug for project Jashanjot1 ****
Info: Internal Builder is used for build
gcc -O0 -g3 -Wall -c -fmessage-length=0 -o "src\\Jashanjot1.o" "..\\src\\Jashanjot1.c" 
..\src\Jashanjot1.c: In function 'main':
..\src\Jashanjot1.c:15:34: error: expected ';' before '}' token
   15 |  printf("This is not a prime no")
      |                                  ^
      |                                  ;
   16 | }
      | ~                                 
22:25:35 **** Incremental Build of configuration Debug for project Jashanjot1 ****
Info: Internal Builder is used for build
gcc -O0 -g3 -Wall -c -fmessage-length=0 -o "src\\Jashanjot1.o" "..\\src\\Jashanjot1.c" 
gcc -o Jashanjot1.exe "src\\Jashanjot1.o" 
22:25:59 **** Incremental Build of configuration Debug for project Jashanjot1 ****
Info: Internal Builder is used for build
gcc -O0 -g3 -Wall -c -fmessage-length=0 -o "src\\Jashanjot1.o" "..\\src\\Jashanjot1.c" 
gcc -o Jashanjot1.exe "src\\Jashanjot1.o" 
22:26:18 **** Incremental Build of configuration Debug for project Jashanjot1 ****
Info: Internal Builder is used for build
gcc -O0 -g3 -Wall -c -fmessage-length=0 -o "src\\Jashanjot1.o" "..\\src\\Jashanjot1.c" 
gcc -o Jashanjot1.exe "src\\Jashanjot1.o" 
22:27:17 **** Incremental Build of configuration Debug for project Jashanjot1 ****
Info: Internal Builder is used for build
gcc -O0 -g3 -Wall -c -fmessage-length=0 -o "src\\Jashanjot1.o" "..\\src\\Jashanjot1.c" 
gcc -o Jashanjot1.exe "src\\Jashanjot1.o" 
Info: Nothing to build for Jashanjot1
22:50:45 **** Incremental Build of configuration Debug for project Jashanjot1 ****
Info: Internal Builder is used for build
gcc -O0 -g3 -Wall -c -fmessage-length=0 -o "src\\Jashanjot1.o" "..\\src\\Jashanjot1.c" 
..\src\Jashanjot1.c: In function 'main':
..\src\Jashanjot1.c:9:33: warning: format '%d' expects a matching 'int' argument [-Wformat=]
    9 |  printf("ASCII value for %c is %d",i);
      |                                ~^
      |                                 |
      |                                 int
..\src\Jashanjot1.c:9:33: warning: format '%d' expects a matching 'int' argument [-Wformat=]
gcc -o Jashanjot1.exe "src\\Jashanjot1.o" 
22:52:28 **** Incremental Build of configuration Debug for project Jashanjot1 ****
Info: Internal Builder is used for build
gcc -O0 -g3 -Wall -c -fmessage-length=0 -o "src\\Jashanjot1.o" "..\\src\\Jashanjot1.c" 
..\src\Jashanjot1.c: In function 'main':
..\src\Jashanjot1.c:9:33: warning: format '%d' expects a matching 'int' argument [-Wformat=]
    9 |  printf("ASCII value for %c is %d",i);
      |                                ~^
      |                                 |
      |                                 int
..\src\Jashanjot1.c:9:33: warning: format '%d' expects a matching 'int' argument [-Wformat=]
gcc -o Jashanjot1.exe "src\\Jashanjot1.o" 
Info: Nothing to build for Jashanjot1
Info: Nothing to build for Jashanjot1
